Using pre-set license
Built from '2022.3/staging' branch; Version is '2022.3.3f1 (7cdc2969a641) revision 8182825'; Using compiler version '192829333'; Build Type 'Release'
OS: 'Windows 10  (10.0.17763) 64bit EnterpriseS' Language: 'ru' Physical Memory: 8044 MB
BatchMode: 1, IsHumanControllingUs: 0, StartBugReporterOnCrash: 0, Is64bit: 1, IsPro: 1

COMMAND LINE ARGUMENTS:
C:\Unity\2020.3.33f1\2022.3.3f1\Editor\Unity.exe
-adb2
-batchMode
-noUpm
-name
AssetImportWorker0
-projectPath
D:/Unity Ucheba, Game 3d/Refill3D
-logFile
Logs/AssetImportWorker0.log
-srvPort
51144
Successfully changed project path to: D:/Unity Ucheba, Game 3d/Refill3D
D:/Unity Ucheba, Game 3d/Refill3D
[UnityMemory] Configuration Parameters - Can be set up in boot.config
    "memorysetup-bucket-allocator-granularity=16"
    "memorysetup-bucket-allocator-bucket-count=8"
    "memorysetup-bucket-allocator-block-size=33554432"
    "memorysetup-bucket-allocator-block-count=8"
    "memorysetup-main-allocator-block-size=16777216"
    "memorysetup-thread-allocator-block-size=16777216"
    "memorysetup-gfx-main-allocator-block-size=16777216"
    "memorysetup-gfx-thread-allocator-block-size=16777216"
    "memorysetup-cache-allocator-block-size=4194304"
    "memorysetup-typetree-allocator-block-size=2097152"
    "memorysetup-profiler-bucket-allocator-granularity=16"
    "memorysetup-profiler-bucket-allocator-bucket-count=8"
    "memorysetup-profiler-bucket-allocator-block-size=33554432"
    "memorysetup-profiler-bucket-allocator-block-count=8"
    "memorysetup-profiler-allocator-block-size=16777216"
    "memorysetup-profiler-editor-allocator-block-size=1048576"
    "memorysetup-temp-allocator-size-main=16777216"
    "memorysetup-job-temp-allocator-block-size=2097152"
    "memorysetup-job-temp-allocator-block-size-background=1048576"
    "memorysetup-job-temp-allocator-reduction-small-platforms=262144"
    "memorysetup-allocator-temp-initial-block-size-main=262144"
    "memorysetup-allocator-temp-initial-block-size-worker=262144"
    "memorysetup-temp-allocator-size-background-worker=32768"
    "memorysetup-temp-allocator-size-job-worker=262144"
    "memorysetup-temp-allocator-size-preload-manager=33554432"
    "memorysetup-temp-allocator-size-nav-mesh-worker=65536"
    "memorysetup-temp-allocator-size-audio-worker=65536"
    "memorysetup-temp-allocator-size-cloud-worker=32768"
    "memorysetup-temp-allocator-size-gi-baking-worker=262144"
    "memorysetup-temp-allocator-size-gfx=262144"
Player connection [948] Host "[IP] 192.168.43.234 [Port] 0 [Flags] 2 [Guid] 2119409993 [EditorId] 2119409993 [Version] 1048832 [Id] WindowsEditor(7,User-PC) [Debug] 1 [PackageName] WindowsEditor [ProjectName] Editor" joined multi-casting on [225.0.0.222:54997]...

Player connection [948] Host "[IP] 192.168.43.234 [Port] 0 [Flags] 2 [Guid] 2119409993 [EditorId] 2119409993 [Version] 1048832 [Id] WindowsEditor(7,User-PC) [Debug] 1 [PackageName] WindowsEditor [ProjectName] Editor" joined alternative multi-casting on [225.0.0.222:34997]...

Refreshing native plugins compatible for Editor in 37.59 ms, found 3 plugins.
Preloading 0 native plugins for Editor in 0.00 ms.
Initialize engine version: 2022.3.3f1 (7cdc2969a641)
[Subsystems] Discovering subsystems at path C:/Unity/2020.3.33f1/2022.3.3f1/Editor/Data/Resources/UnitySubsystems
[Subsystems] Discovering subsystems at path D:/Unity Ucheba, Game 3d/Refill3D/Assets
GfxDevice: creating device client; threaded=0; jobified=0
Direct3D:
    Version:  Direct3D 11.0 [level 11.1]
    Renderer: NVIDIA GeForce MX250 (ID=0x1d13)
    Vendor:   NVIDIA
    VRAM:     1983 MB
    Driver:   30.0.15.1215
Initialize mono
Mono path[0] = 'C:/Unity/2020.3.33f1/2022.3.3f1/Editor/Data/Managed'
Mono path[1] = 'C:/Unity/2020.3.33f1/2022.3.3f1/Editor/Data/MonoBleedingEdge/lib/mono/unityjit-win32'
Mono config path = 'C:/Unity/2020.3.33f1/2022.3.3f1/Editor/Data/MonoBleedingEdge/etc'
Using monoOptions --debugger-agent=transport=dt_socket,embedding=1,server=y,suspend=n,address=127.0.0.1:56852
Begin MonoManager ReloadAssembly
Registering precompiled unity dll's ...
Register platform support module: C:/Unity/2020.3.33f1/2022.3.3f1/Editor/Data/PlaybackEngines/AndroidPlayer/UnityEditor.Android.Extensions.dll
Register platform support module: C:/Unity/2020.3.33f1/2022.3.3f1/Editor/Data/PlaybackEngines/iOSSupport/UnityEditor.iOS.Extensions.dll
Register platform support module: C:/Unity/2020.3.33f1/2022.3.3f1/Editor/Data/PlaybackEngines/WindowsStandaloneSupport/UnityEditor.WindowsStandalone.Extensions.dll
Registered in 0.007578 seconds.
- Loaded All Assemblies, in  0.669 seconds
Native extension for WindowsStandalone target not found
[usbmuxd] Start listen thread
[usbmuxd] Listen thread started
Native extension for iOS target not found
Native extension for Android target not found
Android Extension - Scanning For ADB Devices 304 ms
Mono: successfully reloaded assembly
- Finished resetting the current domain, in  0.785 seconds
Domain Reload Profiling: 1453ms
	BeginReloadAssembly (299ms)
		ExecutionOrderSort (0ms)
		DisableScriptedObjects (0ms)
		BackupInstance (0ms)
		ReleaseScriptingObjects (0ms)
		CreateAndSetChildDomain (1ms)
	RebuildCommonClasses (53ms)
	RebuildNativeTypeToScriptingClass (18ms)
	initialDomainReloadingComplete (76ms)
	LoadAllAssembliesAndSetupDomain (221ms)
		LoadAssemblies (299ms)
		RebuildTransferFunctionScriptingTraits (0ms)
		AnalyzeDomain (216ms)
			TypeCache.Refresh (215ms)
				TypeCache.ScanAssembly (198ms)
			ScanForSourceGeneratedMonoScriptInfo (0ms)
			ResolveRequiredComponents (1ms)
	FinalizeReload (786ms)
		ReleaseScriptCaches (0ms)
		RebuildScriptCaches (0ms)
		SetupLoadedEditorAssemblies (702ms)
			LogAssemblyErrors (0ms)
			InitializePlatformSupportModulesInManaged (482ms)
			SetLoadedEditorAssemblies (6ms)
			RefreshPlugins (0ms)
			BeforeProcessingInitializeOnLoad (4ms)
			ProcessInitializeOnLoadAttributes (143ms)
			ProcessInitializeOnLoadMethodAttributes (68ms)
			AfterProcessingInitializeOnLoad (0ms)
			EditorAssembliesLoaded (0ms)
		ExecutionOrderSort2 (0ms)
		AwakeInstancesAfterBackupRestoration (0ms)
========================================================================
Worker process is ready to serve import requests
Begin MonoManager ReloadAssembly
Assembly 'Library/ScriptAssemblies/Assembly-CSharp.dll' will not be loaded due to errors:
Unable to resolve reference 'Unity.Addressables'. Is the assembly missing or incompatible with the current platform?
Reference validation can be disabled in the Plugin Inspector.
Unable to resolve reference 'Unity.ResourceManager'. Is the assembly missing or incompatible with the current platform?
Reference validation can be disabled in the Plugin Inspector.
Assembly 'Library/ScriptAssemblies/Assembly-CSharp-Editor.dll' will not be loaded due to errors:
Unable to resolve reference 'Unity.Addressables.Editor'. Is the assembly missing or incompatible with the current platform?
Reference validation can be disabled in the Plugin Inspector.
Unable to resolve reference 'Unity.ResourceManager'. Is the assembly missing or incompatible with the current platform?
Reference validation can be disabled in the Plugin Inspector.
Unable to resolve reference 'Unity.ScriptableBuildPipeline.Editor'. Is the assembly missing or incompatible with the current platform?
Reference validation can be disabled in the Plugin Inspector.
Unable to resolve reference 'Unity.Addressables'. Is the assembly missing or incompatible with the current platform?
Reference validation can be disabled in the Plugin Inspector.
Unable to resolve reference 'Unity.ScriptableBuildPipeline'. Is the assembly missing or incompatible with the current platform?
Reference validation can be disabled in the Plugin Inspector.
Symbol file LoadedFromMemory doesn't match image D:\Unity Ucheba, Game 3d\Refill3D\Library\PackageCache\com.unity.visualscripting@1.8.0\Editor\VisualScripting.Core\Dependencies\YamlDotNet\Unity.VisualScripting.YamlDotNet.dll
Symbol file LoadedFromMemory doesn't match image D:\Unity Ucheba, Game 3d\Refill3D\Library\PackageCache\com.unity.visualscripting@1.8.0\Editor\VisualScripting.Core\Dependencies\DotNetZip\Unity.VisualScripting.IonicZip.dll
- Loaded All Assemblies, in  2.293 seconds
Refreshing native plugins compatible for Editor in 5.49 ms, found 3 plugins.
Native extension for WindowsStandalone target not found
Native extension for iOS target not found
Native extension for Android target not found
Package Manager log level set to [2]
[Package Manager] Server::EnsureServerProcessIsRunning -- launch failed, reason: Unity was launched with the -noUpm command-line argument
[Package Manager] UpmClient::Send -- Unable to send message (not connected to UPM process).
[Package Manager] Cannot connect to Unity Package Manager local server
Mono: successfully reloaded assembly
- Finished resetting the current domain, in  1.252 seconds
Domain Reload Profiling: 3546ms
	BeginReloadAssembly (184ms)
		ExecutionOrderSort (0ms)
		DisableScriptedObjects (8ms)
		BackupInstance (0ms)
		ReleaseScriptingObjects (0ms)
		CreateAndSetChildDomain (31ms)
	RebuildCommonClasses (51ms)
	RebuildNativeTypeToScriptingClass (16ms)
	initialDomainReloadingComplete (53ms)
	LoadAllAssembliesAndSetupDomain (1990ms)
		LoadAssemblies (1340ms)
		RebuildTransferFunctionScriptingTraits (0ms)
		AnalyzeDomain (733ms)
			TypeCache.Refresh (687ms)
				TypeCache.ScanAssembly (654ms)
			ScanForSourceGeneratedMonoScriptInfo (38ms)
			ResolveRequiredComponents (8ms)
	FinalizeReload (1252ms)
		ReleaseScriptCaches (0ms)
		RebuildScriptCaches (0ms)
		SetupLoadedEditorAssemblies (982ms)
			LogAssemblyErrors (0ms)
			InitializePlatformSupportModulesInManaged (55ms)
			SetLoadedEditorAssemblies (7ms)
			RefreshPlugins (0ms)
			BeforeProcessingInitializeOnLoad (91ms)
			ProcessInitializeOnLoadAttributes (795ms)
			ProcessInitializeOnLoadMethodAttributes (31ms)
			AfterProcessingInitializeOnLoad (3ms)
			EditorAssembliesLoaded (0ms)
		ExecutionOrderSort2 (0ms)
		AwakeInstancesAfterBackupRestoration (12ms)
Launched and connected shader compiler UnityShaderCompiler.exe after 0.14 seconds
Refreshing native plugins compatible for Editor in 4.62 ms, found 3 plugins.
Preloading 0 native plugins for Editor in 0.00 ms.
Unloading 3370 Unused Serialized files (Serialized files now loaded: 0)
Unloading 43 unused Assets / (1.5 MB). Loaded Objects now: 3843.
Memory consumption went from 151.4 MB to 150.0 MB.
Total: 7.526000 ms (FindLiveObjects: 0.514100 ms CreateObjectMapping: 1.062300 ms MarkObjects: 4.856800 ms  DeleteObjects: 1.089600 ms)

AssetImportParameters requested are different than current active one (requested -> active):
  custom:scripting/monoscript/fileName/BuyerStaticData.cs: 87e7e359dc176fce5d848b6671be5d84 -> 
  custom:scripting/monoscript/fileName/BuildParameters.cs: bd85c8a149ef959801dc7583c240bf8c -> 
  custom:scripting/monoscript/fileName/DetailsContentView.cs: d3794fb1987b771396a4634823d3c0bf -> 
  custom:scripting/monoscript/fileName/IBuildTasks.cs: ad73a7c5af5769af35e7121ce421c767 -> 
  custom:scripting/precompiled-assembly-types:Unity.ScriptableBuildPipeline: d3013a7ac4c7a8a2426d0dffcf800074 -> 
  custom:scripting/monoscript/fileName/ICoroutineRunner.cs: f29c4cedcad88961316a893e9c583f25 -> 
  custom:scripting/monoscript/fileName/Tools.cs: f3061da1dbb905b9ed87d83f4d7601b0 -> 
  custom:scripting/monoscript/fileName/IService.cs: a54a2fc1d38b9b201a65ad4fdd560df1 -> 
  custom:scripting/monoscript/fileName/RefillAnimation.cs: 4e63b077085875d9317d0fa21d05e280 -> 
  custom:scripting/monoscript/fileName/TrackerExtensions.cs: 05c6facd03e82ea85ea8497944d142b2 -> 
  custom:scripting/monoscript/fileName/ImportExistingGroup.cs: c044aa27aa7a6efe2aed712ca1cff658 -> 
  custom:scripting/monoscript/fileName/ComponentSingleton.cs: 90647cc400823b41df847a6cbfc29026 -> 
  custom:scripting/monoscript/fileName/SceneDataWriteOperation.cs: 62fc06a44a6276d74f5ce5527ac1c0e7 -> 
  custom:scripting/monoscript/fileName/IGameFactory.cs: 6ae65a3417c773b800ee15dac1b9796d -> 
  custom:scripting/monoscript/fileName/EventListView.cs: 5096d1d7ed3c53b8f6583067a96b51ec -> 
  custom:scripting/monoscript/fileName/EventDataSample.cs: 3bc0f0708fb0d7ca628cca69e28808f6 -> 
  custom:scripting/monoscript/fileName/AddressableEditorInitialization.cs: e51e3839e2335bed77f54ab13e70dcc8 -> 
  custom:scripting/monoscript/fileName/BuildCache.cs: ed18a1a079f7380eac8245801a570733 -> 
  custom:container-demuxer-ogg: 62fdf1f143b41e24485cea50d1cbac27 -> 
  custom:scripting/monoscript/fileName/InstanceProvider.cs: b8c751909210118e68c21f4366820c78 -> 
  custom:scripting/monoscript/fileName/LabelsContentView.cs: fec8a868a65de532b305bc5e095a661d -> 
  custom:scripting/monoscript/fileName/LegacyResourcesProvider.cs: 69bf867aeeb07c6645f96a3160f7b721 -> 
  custom:scripting/monoscript/fileName/PostWritingCallback.cs: 554018e4e98d586ae4dba2461cc09229 -> 
  custom:scripting/monoscript/fileName/SpookyHash.cs: ced234d9ef31626b6b07f6aab873119b -> 
  custom:scripting/monoscript/fileName/PreviewSceneDependencyData.cs: 0aa0e9fad79dc24aadab25b9d7a9b9a5 -> 
  custom:scripting/monoscript/fileName/AssetsContentView.cs: 6db402595431771fa25a0b8b68e9d9cb -> 
  custom:scripting/monoscript/fileName/AddressablesDataBuilderInput.cs: d0ceeca55ba9548a4e3f43d6790d194d -> 
  custom:scripting/monoscript/fileName/AddressableAssetEntry.cs: f469a40e3b92f4355e377d68de617fd6 -> 
  custom:scripting/monoscript/fileName/BuildReportHelperConsumer.cs: 71faeae2d4769b479de182795aa67c48 -> 
  custom:scripting/monoscript/fileName/CacheInitializationSettings.cs: 842dffb763efae26f756885fe6b5ad3a -> 
  custom:scripting/monoscript/fileName/BuildLayoutHelpers.cs: a5f73d550385ddf73dd17b6147ee5b92 -> 
  custom:scripting/monoscript/fileName/DiagnosticEventCollector.cs: 90b5791cc9b46fcf5a10ac5fc4c9840e -> 
  custom:scripting/monoscript/fileName/GenerateSubAssetPathMaps.cs: c7987fa236ddbc39e6da8bcfe285d7c7 -> 
  custom:scripting/monoscript/fileName/BuildLayoutSummary.cs: 2e9b8e01c1c8d08be7289069e134160c -> 
  custom:scripting/monoscript/fileName/VersionedCallbackAttribute.cs: 792d43fefe55909e52271f20ce4bd5db -> 
  custom:scripting/monoscript/fileName/AddressableAssetEntryCollection.cs: d91f7661023fb4fe0b8be2bcc642540f -> 
  custom:scripting/monoscript/fileName/AddressableIconNames.cs: d618c5158b8ddbdef90ea4ee1fbe8a9b -> 
  custom:scripting/monoscript/fileName/BuildLog.cs: f381a35baf9bd9880d2d4023ad70717e -> 
  custom:scripting/monoscript/fileName/LabelWindow.cs: a61eaab11f136631f21b256017d41b70 -> 
  custom:scripting/monoscript/fileName/AsyncOperationBase.cs: 7219b8f403b1b38f72b48ab547d013f3 -> 
  custom:scripting/monoscript/fileName/AddressableAssetSettingsInspector.cs: cf28a396c15efef0f35f2a8f2b3918e1 -> 
  custom:scripting/monoscript/fileName/BuiltinSceneCache.cs: df9abd90abb709166038c36e804be1f2 -> 
  custom:scripting/monoscript/fileName/CleanBundleCacheOperation.cs: 685a421cddf931120074dfa7f00eee19 -> 
  custom:scripting/monoscript/fileName/ContentFileIdentifiers.cs: 7655f22dc8e01297e0fa51cc343ac6c9 -> 
  custom:scripting/monoscript/fileName/BundleExplictObjectLayout.cs: 7ebaaae109881757a2cd1a5aaeb77811 -> 
  custom:scripting/monoscript/fileName/IDependencyData.cs: 35a83d3a80674af5f8ca402d71bd60d0 -> 
  custom:scripting/monoscript/fileName/AddressablesImpl.cs: be57218b2f6d69fa0616271ca49477c1 -> 
  custom:scripting/monoscript/fileName/AddressableScenesManager.cs: 748e55e05bbd1a8cb78604e8cbfdcf27 -> 
  custom:scripting/monoscript/fileName/InitializationObjectsOperation.cs: 9973862fa2e4f63b15f0c93d284666bc -> 
  custom:scripting/monoscript/fileName/EventDataStream.cs: 8c5fd7099df0bbb089a6c08a72e5b2af -> 
  custom:scripting/monoscript/fileName/ResourceManager.cs: 963cf602385bdad8abe64cead0fb82cd -> 
  custom:scripting/monoscript/fileName/BuildResults.cs: ea29098741349f66a5c13be22430b91a -> 
  custom:scripting/monoscript/fileName/RefillMove.cs: 53003c0625880da038921675d5099df6 -> 
  custom:video-decoder-ogg-theora: a1e56fd34408186e4bbccfd4996cb3dc -> 
  custom:scripting/monoscript/fileName/LoadProgressState.cs: 78cc8ddde77e6c3a1ed8a188f438e142 -> 
  custom:scripting/monoscript/fileName/InputService.cs: 48db5860950397efff89fe413fcc9268 -> 
  custom:scripting/monoscript/fileName/AddressablesDataBuilders.cs: 69454d3f41e6a4eaa6af47f23b30c8aa -> 
  custom:scripting/monoscript/fileName/WebRequestQueue.cs: 0bd7118a4a8a55d3a5dc2e3002437989 -> 
  custom:scripting/monoscript/fileName/OrgData.cs: 4824c3cc00ed531062f3c2de1ed5d4c3 -> 
  custom:scripting/monoscript/fileName/HashStream.cs: 79ad716994d62b2c0cafd2bf9cc6c712 -> 
  custom:scripting/monoscript/fileName/ResourceLocationData.cs: 3a2f1e257930132c4a3021b9015d202c -> 
  custom:scripting/monoscript/fileName/BundledAssetGroupSchema.cs: bcb47eaa49cf63629f7b71bf29d08a18 -> 
  custom:scripting/monoscript/fileName/GraphLayerBackground.cs: bfb8c96c78a31d797ff129ad65a43b2c -> 
  custom:scripting/monoscript/fileName/HttpHostingService.cs: 6f60c8eb1b51ad3699dfa367eefd8baa -> 
  custom:scripting/monoscript/fileName/SaveTrigger.cs: e299ad5f10c7805890fc30cbfcf8f739 -> 
  custom:scripting/monoscript/fileName/AddHashToBundleNameTask.cs: ffec87a59eb17f0bbea1f4556204c4f2 -> 
  custom:scripting/monoscript/fileName/DelegateList.cs: 90647cc400823b41df847a6cbfc29026 -> 
  custom:scripting/monoscript/fileName/BuildContext.cs: 34a222ebebd3606fff156033d4c23266 -> 
  custom:scripting/monoscript/fileName/DefaultBuildTasks.cs: b93cbe91f00034105b24705dc67fc837 -> 
  custom:scripting/monoscript/fileName/AddressableAssetGroupTemplateInspector.cs: bc145acbf2b0f8f4239d5d21e87802ed -> 
  custom:framework-win-MediaFoundation: 216162199b28c13a410421893ffa2e32 -> 
  custom:scripting/monoscript/fileName/DelayedActionManager.cs: b215f0cc28e5b39d62597ab173ced320 -> 
  custom:scripting/monoscript/fileName/CreateBuiltInShadersBundle.cs: e4f12aa9a6b849b3a7861bf492376679 -> 
  custom:scripting/monoscript/fileName/AddressableAssetsBundleBuildParameters.cs: 8b3e1e658c9efb352f02ffdd7c175a3b -> 
  custom:scripting/monoscript/fileName/AssetPublishEditor.cs: 5e6fcb209f4275e87027d569b903a801 -> 
  custom:scripting/monoscript/fileName/PlayerSettingsApi.cs: e8704eb198d8f61f68729b362e34f254 -> 
  custom:scripting/monoscript/fileName/ValidationMethods.cs: 0ca38beb753f491a65475578d824a594 -> 
  custom:scripting/monoscript/fileName/GenerateLinkXml.cs: 438676c0a3ae847305e5461d0d0dfb13 -> 
  custom:scripting/monoscript/fileName/PlatformMappingService.cs: 112fe80ee263d9422a7570d41ca95c90 -> 
  custom:scripting/monoscript/fileName/IGameStateMashine.cs: 1e34b8f7ddd2e65260473d121fe4b758 -> 
  custom:scripting/monoscript/fileName/AssetBundleWriteOperation.cs: db3d146633bcf83272b8d8ec27708373 -> 
  custom:scripting/monoscript/fileName/BundledAssetProvider.cs: 7b2acd0dc4b920c1447f4e405e758da9 -> 
  custom:scripting/monoscript/fileName/BuildScriptVirtualMode.cs: ecfa9317a4325be6ea7efafabf202d84 -> 
  custom:scripting/monoscript/fileName/AssetLabelReference.cs: 535c57f3a3bd81b3adc86b02034e7fda -> 
  custom:scripting/monoscript/fileName/ExtensionMethods.cs: 4642d9c802c70c033ea67f5c9fc06bdb -> 
  custom:scripting/monoscript/fileName/ResourceManagerEventCollector.cs: cf8765b1ba0f714abe2ca54744783dea -> 
  custom:scripting/monoscript/fileName/BuildScriptBase.cs: adfd9e3e356b350272d27b9a6c93a55a -> 
  custom:scripting/precompiled-assembly-types:Unity.ScriptableBuildPipeline.Editor: 3ca390981bea823edbc5c52067fa8d07 -> 
  custom:scripting/monoscript/fileName/BuildScriptPackedPlayMode.cs: 376414de220a9f2aaee2505d1d67ddda -> 
  custom:scripting/monoscript/fileName/LoadLevelState.cs: c8cac5efdada486ef1065b4dc835348a -> 
  custom:scripting/monoscript/fileName/AddressableAssetSettingsLocator.cs: f52d919be3c487a83fcb39a65ed0c368 -> 
  custom:scripting/monoscript/fileName/AgentMoveToPetrol.cs: ec97e0c3e057a6d7f6accc7396b2dd3b -> 
  custom:scripting/monoscript/fileName/AddressableAssetGroupTemplateInterface.cs: c6c784d5ce4db43651308dbc5a340915 -> 
  custom:scripting/monoscript/fileName/AddressableAssetGroupSchemaSet.cs: 8cb8eb885b2e86eafd9d731360a75ad6 -> 
  custom:scripting/monoscript/fileName/CustomBuildScript.cs: f56ad76682868b85ad0c15243f638f67 -> 
  custom:scripting/monoscript/fileName/GraphLayerEventMarker.cs: 973da78a8787db14c083d53cf7575fbc -> 
  custom:scripting/monoscript/fileName/CheckResourcesDupeDependencies.cs: 9a7363d2118556b9a749e5c87a9abb28 -> 
  custom:scripting/monoscript/fileName/FastModeInitializationOperation.cs: 3969bd66bfd96ce4f1b25d29127c7d0d -> 
  custom:scripting/monoscript/fileName/LevelStaticData.cs: 332ee9ea19cd1d30acbf60bdd756a57a -> 
  custom:scripting/monoscript/fileName/IInputService.cs: c626bd48e3cae21d75abcd097cdfd523 -> 
  custom:scripting/monoscript/fileName/LinkXMLGenerator.cs: a12ef316d0e18f4f3cc0d1c12f9a8995 -> 
  custom:scripting/monoscript/fileName/HashingMethods.cs: 715cdfdde81dd1627a447579d5c1a2a8 -> 
  custom:scripting/monoscript/fileName/GraphicsSettingsApi.cs: e643b869c2bd158e219684eb7bac7d5a -> 
  custom:scripting/monoscript/fileName/Game.cs: f8362887a57baf8c5084d84b59fc96e7 -> 
  custom:scripting/monoscript/fileName/SceneRawWriteOperation.cs: 5a20bbe9c2135f3c677809d25231ee39 -> 
  custom:scripting/monoscript/fileName/IBuildReportConsumer.cs: b4374783b4f13e8fa8a35606f65fe93e -> 
  custom:scripting/monoscript/fileName/BuildLayout.cs: 3e449370b64b375854c1a33213daf1a7 -> 
  custom:scripting/monoscript/fileName/ComponentReference.cs: 90647cc400823b41df847a6cbfc29026 -> 
  custom:scripting/monoscript/fileName/IResourceLocation.cs: f910c20a7ea8c8aa53f2053fca98b4ce -> 
  custom:scripting/monoscript/fileName/CheckBundleDupeDependenciesMultiIsolatedGroups.cs: 20b6a04de06d9c9390bca0dd807e31d3 -> 
  custom:scripting/monoscript/fileName/IPersistentProgressService.cs: df9cc37573afafaf73455bddf88f1e11 -> 
  custom:scripting/monoscript/fileName/PrefabPackedIdentifiers.cs: 88eee9e87bb381ef74e5d164ea9612c4 -> 
  custom:scripting/monoscript/fileName/AddressableAssetGroupTemplate.cs: 1d8da5f1890836d608e7d5b7f3373a2f -> 
  custom:scripting/monoscript/fileName/PathAddressIsPath.cs: 93fb6019086021189bb866e2b6ffe665 -> 
  custom:scripting/monoscript/fileName/Vector3Data.cs: 27edd27aacfad8745b15f6185efd0519 -> 
  custom:scripting/monoscript/fileName/EventDataPlayerSession.cs: 91bc0ee1e4ffa4506b091453a9262bec -> 
  custom:scripting/monoscript/fileName/TaskCachingUtility.cs: 2abbe35728db88bbaa201e6c478a95f2 -> 
  custom:scripting/monoscript/fileName/CalculateSceneDependencyData.cs: 104fc632ee9eb1eac0995150ef581054 -> 
  custom:scripting/monoscript/fileName/BuildContent.cs: 8b98bc58cf5574343dc7ddad95d66a2a -> 
  custom:scripting/monoscript/fileName/DynamicResourceLocators.cs: 1034695c180ba1f11efcc8c0af8b64d6 -> 
  custom:scripting/monoscript/fileName/BundlesContentView.cs: 06261d15b4a9f40f2d13bad3fd8c0d7e -> 
  custom:scripting/monoscript/fileName/AddressableAssetSettings.cs: cc9347dff1588a85ad81a10cb9a60747 -> 
  custom:scripting/monoscript/fileName/CreateMonoScriptBundle.cs: 2583ca987d667d4dd92571cf56d8871f -> 
  custom:scripting/monoscript/fileName/AddressableAnalytics.cs: 8d6eaaaa8879afed7791bcb8ad0a55d6 -> 
  custom:scripting/monoscript/fileName/AtlasSpriteProvider.cs: b13170f1a8da7c93ca0f20413670befc -> 
  custom:scripting/monoscript/fileName/DisableAssetImportOnBuild.cs: 9cf7bc88fea392ec2a992b62d8b3b708 -> 
  custom:scripting/monoscript/fileName/StripUnusedSpriteSources.cs: 8e0de493596d68c81f185a4c7e2ecc3e -> 
  custom:scripting/monoscript/fileName/StandoloneInputService.cs: 9e23b1f1324b38b21c7c3ee1c2f149d2 -> 
  custom:scripting/monoscript/fileName/ProgressTracker.cs: 7cf527e59ae90a5de1d1297f2cf5b5d9 -> 
  custom:scripting/monoscript/fileName/HostingServicesWindow.cs: aea0a90645e2ad9918bb8f7947977cbc -> 
  custom:scripting/monoscript/fileName/AsyncOperationHandle.cs: 5f193f67e9fe132700bb16490c49fe52 -> 
  custom:scripting/monoscript/fileName/QualitySettingsApi.cs: 8a81ef3b39ef7374ffa2c64379a5666c -> 
  custom:scripting/monoscript/fileName/GenerateBundleCommands.cs: df8cc1862a26a9b8b8065412bf4da3d1 -> 
  custom:scripting/monoscript/fileName/DetailsListItem.cs: fc00a048fdb993f628239efc8b3b3ff0 -> 
  custom:scripting/monoscript/fileName/LabelTable.cs: 2d4def09103b938e537a18b451868393 -> 
  custom:scripting/monoscript/fileName/Ribbon.cs: 7520e82ba3d55750b026206f051896a1 -> 
  custom:scripting/monoscript/fileName/PostPackingCallback.cs: f0f64a598e599b8fee359c8bbbbb7967 -> 
  custom:container-demuxer-webm: 4f35f7cbe854078d1ac9338744f61a02 -> 
  custom:scripting/monoscript/fileName/DeSerializer.cs: 42de108158a2d64cff75d55be619c3d6 -> 
  custom:scripting/monoscript/fileName/Petrol.cs: 3ad7627ea2c678e90b93badefb376146 -> 
  custom:scripting/monoscript/fileName/ListWithEvents.cs: 90647cc400823b41df847a6cbfc29026 -> 
  custom:scripting/monoscript/fileName/ProgressLoggingTracker.cs: 5d288d40f7eb670174353f8188801c70 -> 
  custom:scripting/monoscript/fileName/SerializedTypeDrawer.cs: 55704df2e1fbeb280a39857e3fe8599a -> 
  custom:scripting/monoscript/fileName/GraphLayerLabel.cs: e6bbecfb657f4306f18760a66877483c -> 
  custom:scripting/monoscript/fileName/IBuildResults.cs: 8b5b87d2e7d0fe52b18dffb583edf526 -> 
  custom:scripting/monoscript/fileName/BundleRuleBase.cs: e7ef640b2d0e3626500ffc1b301ab048 -> 
  custom:scripting/monoscript/fileName/DownloadStatus.cs: 54e6ecf38c97350b7185a2dbdd2736c2 -> 
  custom:scripting/monoscript/fileName/ProfileDataSourceDropdownWindow.cs: 0c889b1a609cf40b8fe20a3ed4bbafff -> 
  custom:scripting/monoscript/fileName/UnityWebRequestUtilities.cs: 9b8466aca40de6647ee5e3ca2db084e4 -> 
  custom:scripting/monoscript/fileName/ProfileDataSourceSettings.cs: 5e371415d0bffd9fa1566f074827ca84 -> 
  custom:scripting/monoscript/fileName/MainPanelSummaryTab.cs: 28ca7ae655dc332f660c132d33be2668 -> 
  custom:scripting/monoscript/fileName/ClusterBuildLayout.cs: 5771ce961e5c856dda3162f7e7866c51 -> 
  custom:scripting/monoscript/fileName/DumpToText.cs: 2dfe9c7754fbb721de687736d394e422 -> 
  custom:scripting/monoscript/fileName/BuildProfileSettingsEditor.cs: 970095181710e210a9e9390c58796570 -> 
  custom:scripting/monoscript/fileName/IStaticDataService.cs: 0f8cfe93318a5735be668328f23b8cba -> 
  custom:scripting/monoscript/fileName/GameRunner.cs: 2cfdf598454140d228f3530b133081db -> 
  custom:scripting/monoscript/fileName/AddressableAssetUtility.cs: 72a93ba81003bd461d6101745b676e3e -> 
  custom:scripting/monoscript/fileName/GroupsContentView.cs: 6c0af8780f1bc0c3acee464ca49bd416 -> 
  custom:scripting/monoscript/fileName/FileRegistry.cs: c2a0e90b96356fc8b397f160fccdb0e1 -> 
  custom:scripting/monoscript/fileName/ContentCatalogData.cs: 69501017901d28c7b50ababf6ecc7e6c -> 
  custom:scripting/monoscript/fileName/AddressableAssetGroup.cs: 0f9c4653caddd0474511f5b3f44ee076 -> 
  custom:scripting/monoscript/fileName/ProfileGroupType.cs: c75096844ddd488c7a0178740cfcc99e -> 
  custom:scripting/monoscript/fileName/DetailsContents.cs: 897c368e5dc4cdd93f45e1ac7d556963 -> 
  custom:scripting/monoscript/fileName/AddressableAssetEntryCollectionEditor.cs: 3573c130dc7f7334299b8beed2200c30 -> 
  custom:scripting/monoscript/fileName/AssetProvider.cs: 65f0278b747ad1ecd90260c952c9b9e3 -> 
  custom:scripting/monoscript/fileName/HashingHelpers.cs: 0f7aeced044c9bfbe971ac41bd6b1b1e -> 
  custom:scripting/monoscript/fileName/MonoBehaviourCallbackHooks.cs: b20ea6c878896467bc06e7a880dbeda7 -> 
  custom:scripting/monoscript/fileName/ProfileWindow.cs: fa1c3d799675766d6e9897b9bc0b5a97 -> 
  custom:scripting/monoscript/fileName/AddressablesUtility.cs: 888ff289ef09bca75ddf731bfb3da044 -> 
  custom:scripting/monoscript/fileName/BuildCacheUtility.cs: 2743f002ee5eaa2b245807c6d3986866 -> 
  custom:scripting/monoscript/fileName/FileCompressor.cs: 9e176c2b40f10af0783acadfcf93a0a6 -> 
  custom:scripting/monoscript/fileName/VisualElementsWrapper.cs: 7ac1a7ea79783a0dda155d9acf8e52e7 -> 
  custom:scripting/monoscript/fileName/ContentPipeline.cs: 0099978ab3154e75ec02b02af05e3647 -> 
  custom:scripting/monoscript/fileName/IBuildSpriteData.cs: 70fcaabd919c2d8ed3f211908205c540 -> 
  custom:scripting/monoscript/fileName/HostingServicesManager.cs: bf09b4c263482a04155920012d385668 -> 
  custom:scripting/monoscript/fileName/BuildCallbacks.cs: e372553ccc5bfd1dd2d4f86e3433b7ac -> 
  custom:scripting/monoscript/fileName/IAddressableView.cs: 8b8bd30c6ee3cc366e6b5825b18b7a08 -> 
  custom:scripting/monoscript/fileName/BuildLayoutGenerationTask.cs: ffed48cd2d09cc55f2fb49224941b889 -> 
  custom:scripting/monoscript/fileName/AssetReferenceDrawerUtilities.cs: 351cdbf359a7cb402246cc4c26ca6bbc -> 
  custom:scripting/monoscript/fileName/CompatibilityAssetBundleManifest.cs: 8c821441185b5b6a41b701764a9456f7 -> 
  custom:scripting/monoscript/fileName/AssetInspectorGUI.cs: 1c2fbe684b8b981136ad78cc97e442f1 -> 
  custom:scripting/monoscript/fileName/EventDataPlayerSessionCollection.cs: aa3a5824b74762d314b052196c8121f1 -> 
  custom:scripting/monoscript/fileName/ContentUpdatePreviewWindow.cs: 328cbe5138c9fb6c1c71697205eab50f -> 
  custom:scripting/monoscript/fileName/JSONAssetProvider.cs: c98e2b214b7d3e761475613a9d6fddfc -> 
  custom:scripting/monoscript/fileName/ProfileTreeView.cs: 12e4118bc493b83e0d991a39a1318ef6 -> 
  custom:scripting/monoscript/fileName/CameraFollow.cs: 8ccbad4568e85712721b4db1e2d8204f -> 
  custom:scripting/monoscript/fileName/BuildTasksRunner.cs: 6061ed342a325c9c185a4b35bbfe23f3 -> 
  custom:scripting/monoscript/fileName/BootstrapState.cs: daf2abe608805cd2ed79bc53f8f18cd6 -> 
  custom:scripting/monoscript/fileName/BuildExtendedAssetData.cs: 646a6ec8dded2f210e51a6a26a267c53 -> 
  custom:scripting/monoscript/fileName/PersistentProgressService.cs: 3d0b4307aca438fcfb3fda9d09e0bbe5 -> 
  custom:scripting/monoscript/fileName/DetailsSummaryView.cs: aeb6ef9c87f8cedf81a2a9bdf342102f -> 
  custom:scripting/monoscript/fileName/AnalyzeRule.cs: 0616b2f44595cfd6ff277c8ca73ff9fd -> 
  custom:scripting/monoscript/fileName/AssetDatabaseProvider.cs: 34efb1764c9d10e1b435aca6b8f8ab50 -> 
  custom:scripting/monoscript/fileName/CacheInitializationDataDrawer.cs: 306c2f8cb1fc8b44b12a3aadd3361ffe -> 
  custom:scripting/monoscript/fileName/OperationCacheKeys.cs: a875722a6684f3c9f42fc8e71fb98086 -> 
  custom:scripting/monoscript/fileName/BuildProfiler.cs: 20a6883e13cfb1c377baf8d9ad7c7108 -> 
  custom:container-muxer-webm: aa71ff27fc2769a1b78a27578f13a17b -> 
  custom:scripting/monoscript/fileName/GameStateMashine.cs: 70100a76ae0fa0e9141bdda9f53507d6 -> 
  custom:scripting/monoscript/fileName/Buyer.cs: b613ef456fbe17b5e2a81020749abc18 -> 
  custom:scripting/monoscript/fileName/ProjectConfigData.cs: 7921ee70ddc5c6dd7a9df8ec0c0092c7 -> 
  custom:scripting/monoscript/fileName/IBuildContext.cs: 5ff9d28c8d4a4f1b753bc76a607083bf -> 
  custom:scripting/monoscript/fileName/AssetReferenceUIRestriction.cs: ab1a4ace83e547a82f148902e05d9451 -> 
  custom:video-decoder-webm-vp8: 9c59270c3fd7afecdb556c50c9e8de78 -> 
  custom:scripting/monoscript/fileName/DuplicatedAssetsContentView.cs: 071f6b802be913317a07b2a4ef0ee772 -> 
  custom:scripting/monoscript/fileName/DetailsSummaryBuilder.cs: ba334c0298d2d1e4c9714387e3c7aae8 -> 
  custom:scripting/monoscript/fileName/AnalyzeResultData.cs: c2f44893e38a82b7544778fbc70f6623 -> 
  custom:scripting/monoscript/fileName/IBundleExplictObjectLayout.cs: ddaeb79a7a717f820f674015296294c0 -> 
  custom:scripting/monoscript/fileName/PostDependencyCallback.cs: eb19b86cfe0872246c64c5aa303dec70 -> 
  custom:scripting/monoscript/fileName/BuildBundleLayout.cs: 576813ef72fead3ae460d113cf17b9a7 -> 
  custom:scripting/precompiled-assembly-types:Unity.Addressables: f65680ba0beb7f7498a5f1f632e61f6f -> 
  custom:scripting/monoscript/fileName/BaseHostingService.cs: 200b06cbaa68e8641c1d85f0d10bc757 -> 
  custom:scripting/monoscript/fileName/RebuildSpriteAtlasCache.cs: 4336dcac6b167662dc27a4b8cb534249 -> 
  custom:scripting/monoscript/fileName/ISceneProvider.cs: 658a51016cbab09b1ba5c1655069810e -> 
  custom:scripting/monoscript/fileName/GenerateLocationListsTask.cs: 4c17cd4ff87a2e74f5b37e68beb1034f -> 
  custom:scripting/monoscript/fileName/PackedPlayModeBuildLogs.cs: 26ca3e11f45bddf9443535bcaf190309 -> 
  custom:scripting/monoscript/fileName/VirtualAssetBundleProvider.cs: 014c97404d6f15b756db08d2ee4aa738 -> 
  custom:scripting/monoscript/fileName/AddressablesRuntimeProperties.cs: 4969983b02306777c6a47ce4a11cc967 -> 
  custom:scripting/monoscript/fileName/AddressablesBuildScriptHooks.cs: 2cbbf8974b686fe2baa61afde888f688 -> 
  custom:scripting/monoscript/fileName/BundleDetails.cs: c2ce173f3479298f0c344c217d376d24 -> 
  custom:scripting/monoscript/fileName/UpdateBundleObjectLayout.cs: d3e8743e5c2de0c9b031ff5de45c2faa -> 
  custom:scripting/monoscript/fileName/GUIUtility.cs: 4f971baa0f9d48cbd293794e0740ba9f -> 
  custom:scripting/monoscript/fileName/ReflectionExtensions.cs: 18deef64260ff7f38d0791626801b560 -> 
  custom:scripting/monoscript/fileName/USerialize.cs: 6f1fb90844e336a2331e02dcaf45180a -> 
  custom:scripting/monoscript/fileName/LevelTransferTrigger.cs: ba2cbe8ece23e1ff98ebadda130405e7 -> 
  custom:scripting/monoscript/fileName/CacheInitialization.cs: 231ea051a2a92e5ba6df4a940124813d -> 
  custom:scripting/monoscript/fileName/DetailsStack.cs: 1bce17e22c9932daf94954746a7de14d -> 
  custom:scripting/monoscript/fileName/EventDataSet.cs: 219643b14b32f828cebbb2d2ae9fdc7d -> 
  custom:scripting/monoscript/fileName/StaticDataService.cs: 26c5c0e721ead22fa269bd171618d34e -> 
  custom:AudioImporter_EditorPlatform: d09bf68614088b80899f8185d706f6e7 -> 
  custom:scripting/monoscript/fileName/ResourceManagerRuntimeData.cs: 1b7a8a6c7dd023adb09d5675c09d77d6 -> 
  custom:scripting/monoscript/fileName/KillData.cs: 701c7c5c01ccd2ac634e3b53c6216e59 -> 
  custom:scripting/monoscript/fileName/BuildScriptPackedMode.cs: 407a5958a595f4becac3b0cc930fc7a2 -> 
  custom:scripting/monoscript/fileName/IGraphLayer.cs: a76f5bd30e23aa5de9f5dc8a7b4efcf0 -> 
  custom:scripting/monoscript/fileName/TreeBuilder.cs: 36b82ae8a43ef47082a423bad7e418ea -> 
  custom:scripting/monoscript/fileName/AllService.cs: 0b584fef02fbb72106e961622b56ea8f -> 
  custom:scripting/monoscript/fileName/BinaryStorageBuffer.cs: aea5e9a2d05029c76f9f73a17b287e21 -> 
  custom:scripting/monoscript/fileName/ResourceManagerCacheWindow.cs: e6140759c281f8efb60128561ae796f5 -> 
  custom:scripting/monoscript/fileName/IBuildContent.cs: 985433c3d816b7fe3356ac6fdd88a9c1 -> 
  custom:scripting/monoscript/fileName/AddressableReadOnlyAttribute.cs: 914c40d4b7e39c112d1393ac0c92b23a -> 
  custom:scripting/monoscript/fileName/PlatformUtilities.cs: 235a1dc9d5a05ec2d866fa311b4cb464 -> 
  custom:scripting/monoscript/fileName/UnityWebRequestOperation.cs: 48ce9539f5ab38dbacd1aa0c1352711a -> 
  custom:scripting/monoscript/fileName/BuildScriptFastMode.cs: 256d014c225478a7ec3003a9ee45d090 -> 
  custom:scripting/monoscript/fileName/IBuildParameters.cs: 5444d4b7b91f8f230014e0b0f1d671dc -> 
  custom:scripting/monoscript/fileName/CacheEntry.cs: 184ec4582c6a111a6d76b26e9882d8ac -> 
  custom:scripting/monoscript/fileName/CalculateCustomDependencyData.cs: 60157e862b4f285cab819b205d1dcc68 -> 
  custom:scripting/monoscript/fileName/RawWriteOperation.cs: 0c25d4a5522f2e528b1c316a8854d37d -> 
  custom:scripting/monoscript/fileName/IAssetProvider.cs: 6a16dee0e3fb9647ed4e40f8883bb83d -> 
  custom:scripting/monoscript/fileName/IObjectDependencyData.cs: dab6b9b0a9d3dcde7acff38a7870ced5 -> 
  custom:scripting/monoscript/fileName/HostingServicesAddServiceWindow.cs: fd26c6703e93923a6040252fecaaecbe -> 
  custom:scripting/monoscript/fileName/PostScriptsCallback.cs: 1cec4066ff38f9052245bd85d91b727c -> 
  custom:scripting/monoscript/fileName/AddressableAssetsSettingsGroupTreeView.cs: e5fe57585b0651fd01ff393bdf3e4f20 -> 
  custom:scripting/monoscript/fileName/SpawnMarker.cs: e8524021543322ba958a3c1c278024af -> 
  custom:scripting/monoscript/fileName/AnalyzeSystem.cs: 128a795ef9670825919b4f5f7818fe78 -> 
  custom:scripting/monoscript/fileName/IResourceProvider.cs: 4e1072087895f7cf2b9fc9e8f681e3cf -> 4b4333faac1f035dca79aa7cb63380b6
  custom:scripting/monoscript/fileName/IDeterministicIdentifiers.cs: 9fdfcaea74e444a0ad0fcc5b015d955f -> 
  custom:scripting/monoscript/fileName/HostingServicesListTreeView.cs: fafbbca9718fb186abd5a1dc67d1b847 -> 
  custom:scripting/monoscript/fileName/DataBuilderInterfaces.cs: f6426747b57e0f131c6179da6223d701 -> 
  custom:scripting/monoscript/fileName/Preferences.cs: bdb258244a7c33f78c62e008b0d0570b -> 
  custom:scripting/monoscript/fileName/RibbonButton.cs: cc35a659d75241a4e5c50fbc2cece8eb -> 
  custom:scripting/monoscript/fileName/GameBootstrapper.cs: 33e5300385e077ebb1addcc7434852ca -> 
  custom:scripting/monoscript/fileName/IState.cs: 7f59a7d19110065a57016efb18c5e0b6 -> 7c9ac2e53b292d01497d551b0f0e43bc
  custom:scripting/monoscript/fileName/BuildUtility.cs: d01ca5585045ab5318364299e9827882 -> 
  custom:scripting/monoscript/fileName/LoadingCurtain.cs: 73c67a76f3e0e9674694aab74c0d2006 -> 
  custom:scripting/monoscript/fileName/DataExtension.cs: d36d9d6665cea5bfa494fb3bd32f4bd1 -> 
  custom:scripting/monoscript/fileName/AddressableAssetGroupInspector.cs: 3e935212b2fe26486c64b69f39071ac1 -> 
  custom:scripting/monoscript/fileName/MobileInputService.cs: 4b2c494ab29b16338188fc656f9f6fa4 -> 
  custom:scripting/monoscript/fileName/IProgressTracker.cs: 59e48e9e64fc66dccd13c436990f26d1 -> 
  custom:scripting/monoscript/fileName/AddressableAssetsWindow.cs: 0ae5a5fe93f233918ab0953c3f43b6da -> 
  custom:scripting/precompiled-assembly-types:Unity.ResourceManager: 75090aa782932ce9e0b2527b45dbcadd -> 
  custom:scripting/monoscript/fileName/GraphColors.cs: b18f36856baf49a6bf6d17a60891f129 -> 
  custom:scripting/monoscript/fileName/IInstanceProvider.cs: c17f61cab582aae12b8e4f575653001d -> 
  custom:scripting/monoscript/fileName/ContentCatalogProvider.cs: b67cced6bdcda88e8bc8bafba1751ea9 -> 
  custom:scripting/monoscript/fileName/PlayerDataGroupSchema.cs: 6e16a3fdc8daa841ada1b85209f744f7 -> 
  custom:scripting/monoscript/fileName/AddressableAssetsBuildContext.cs: 356f5b7afbbe4f9d6ac7c932081259f2 -> 
  custom:scripting/monoscript/fileName/LinearPackedIdentifiers.cs: f2ab3362c1bcc1efe300438e2ca25a9c -> 
  custom:scripting/monoscript/fileName/CommonStrings.cs: c37303b8ea4b24be7afe89e3c1f096f3 -> 
  custom:scripting/monoscript/fileName/RevertUnchangedAssetsToPreviousAssetState.cs: 460b548d6d2a27380a55b9d51aa2a91b -> 
  custom:scripting/monoscript/fileName/AddressableAssetBuildSettings.cs: c644429e8088e25eab8e9c6c7473dd16 -> 
  custom:scripting/monoscript/fileName/ContentUpdateScript.cs: 15966d4e73e1ff0eeef8a7e41df54762 -> 
  custom:scripting/monoscript/fileName/UpdateCatalogsOperation.cs: 22a4d3f0567324ebd120b6c47114c414 -> 
  custom:scripting/monoscript/fileName/AddressableAssetProfileSettings.cs: a6f00f6a629984367397b66ab11cf3e3 -> 
  custom:scripting/monoscript/fileName/AssetSettingsAnalyzeTreeView.cs: 8dce9d91b61072395655d33d05e5ffbc -> 
  custom:scripting/monoscript/fileName/DetailsView.cs: 0b2675f54fd32b068a74f7e2e7734c07 -> 
  custom:scripting/monoscript/fileName/CcdFolder.cs: 56722f7ecef4cc8e5c97ffaca6ab3b01 -> 
  custom:scripting/monoscript/fileName/AnalyzeRuleGUI.cs: 60c2d04e6f960fbcbfd16cc17b8c19ff -> 
  custom:scripting/monoscript/fileName/ResourceProfilerWindow.cs: ca7d053306b5efbb5532faf2f4cfbabb -> 
  custom:scripting/monoscript/fileName/InitializationOperation.cs: cc0f098c336f15c9e577e39c4f9de3d8 -> 
  custom:scripting/monoscript/fileName/BuildPlayerScripts.cs: 0f2fc29cfe25da306bd11569a87e99c9 -> 
  custom:scripting/monoscript/fileName/BuildReportUtility.cs: 9673d408d6a745435383c0b5a61feac8 -> 
  custom:scripting/monoscript/fileName/BuildWriteData.cs: 2cea0300b77fdbda33a3d90a3f600b08 -> 
  custom:scripting/monoscript/fileName/AddressableAssetSettingsDefaultObject.cs: e7981c910f66dfbaf031c8ce8716e4f6 -> 
  custom:scripting/monoscript/fileName/Exceptions.cs: 412c401d1d396e1eee18cd9d9cc157b8 -> 
  custom:scripting/monoscript/fileName/EventGraphListView.cs: de869ea95eb3694d669a2710037bb50e -> 
  custom:scripting/monoscript/fileName/BuildLogger.cs: 43407796209bdb1c93ac5513c6439a81 -> 
  custom:scripting/monoscript/fileName/AddressableAssetGroupSchemaTemplate.cs: d73ce95c2dfc9b4c0fde34851827da9b -> 
  custom:scripting/monoscript/fileName/DiagnosticEvent.cs: 702c10d90db28a97fd0e8756d49db9b4 -> 
  custom:scripting/monoscript/fileName/GraphUtility.cs: 5afa00e65f4919d2ebe25a22961b605f -> 
  custom:scripting/monoscript/fileName/BuildSpriteData.cs: c829088ed78bbbb541c4780bcaac9f9e -> 
  custom:scripting/monoscript/fileName/ContentUpdateGroupSchema.cs: 9e1cb9fabd3acb0df685aad9daf99311 -> 
  custom:scripting/monoscript/fileName/IAnimationStateReader.cs: 7ac5091bb3dd956926dab89507af38ed -> 
  custom:scripting/monoscript/fileName/VirtualAssetBundle.cs: 403fdc42b77beb8d4211956d924af8e5 -> 
  custom:scripting/monoscript/fileName/IBuildCache.cs: b89b6b1c01287101de59d979a61eafa2 -> 
  custom:scripting/monoscript/fileName/ResourceManagerConfig.cs: ba4b09dddabfb0a9908b831adcbc32da -> 
  custom:scripting/monoscript/fileName/AnalyzeWindow.cs: 789504cef1e343db279db2e1f608d50e -> 
  custom:scripting/monoscript/fileName/WorldData.cs: ea62ff94ac2c5a7498ce162e6497f326 -> 
  custom:video-encoder-webm-vp8: eb34c28f22e8b96e1ab97ce403110664 -> 
  custom:scripting/monoscript/fileName/LoadSceneForCustomBuild.cs: d3c5aebb74a8426c8ecc2de85e15dbb8 -> 
  custom:scripting/monoscript/fileName/AddressableAssetGroupSchema.cs: f12b9ab2aa4369c69d27273911963f33 -> 
  custom:scripting/monoscript/fileName/ProfilerGUIUtilities.cs: 9c89115069c1afd29c613975c9a7c8eb -> 
  custom:scripting/monoscript/fileName/AnimatorStateReporter.cs: 721fe78cebba052020beacf4a998453e -> 
  custom:scripting/monoscript/fileName/ContextInjector.cs: be93aa05045a7a9adf91118021d7b9ef -> 
  custom:scripting/monoscript/fileName/IWriteOperation.cs: f992fc85bf839520185f31965947c71e -> 
  custom:scripting/monoscript/fileName/AssetInspectorGUIGroupsPopup.cs: e9a72325a30971ea3216354ca740e9b2 -> 
  custom:scripting/monoscript/fileName/BuyerSpawnerData.cs: 6a00690a71eebcfe5cf2b0ecdbb89ca8 -> 
  custom:scripting/monoscript/fileName/SceneManagerState.cs: e96ca7b00cc9f087dfa5c0ffb14a37cd -> 
  custom:audio-decoder-ogg-vorbis: bf7c407c2cedff20999df2af8eb42d56 -> 
  custom:scripting/monoscript/fileName/AssetReference.cs: 76bfbd8e294384c1c347c42399db9e07 -> 
  custom:scripting/monoscript/fileName/SwitchToBuildPlatform.cs: 302951eb00ef533a7f8d4e2af60b1dbb -> 
  custom:scripting/monoscript/fileName/GraphLayerBarChart.cs: 9f45f25191c95d5d2d84bd14688552c7 -> 
  custom:scripting/monoscript/fileName/Addressables.cs: 97005ecac3074f5b10ed915cd71e993c -> 
  custom:scripting/monoscript/fileName/AddressableAssetsSettingsGroupEditor.cs: f02f24c2afc8e3ef10c44d1e2d8d3575 -> 
  custom:scripting/monoscript/fileName/ArchiveAndCompressBundles.cs: a4f30b836ec7f461da7b1d8eed932e91 -> 
  custom:scripting/monoscript/fileName/ToggleTextExpansionButton.cs: 5e3a0de12eedaf7424fcfabba9691241 -> 
  custom:scripting/monoscript/fileName/MD4.cs: 78155ea9dc73b12fc02ca5bf12ab1a89 -> eb4100b4258ba66e68a6a8330d8ed4cc
  custom:scripting/monoscript/fileName/BuildReportListView.cs: 63024c384c55ce2d78218c30fa5b3286 -> 
  custom:scripting/monoscript/fileName/SceneBundleWriteOperation.cs: 32514961e31a58db7f78c6fb8757c75f -> 
  custom:scripting/monoscript/fileName/ISaveLoadService.cs: 60d4c1628a8bc61ef1e3c90de2ecdf46 -> 
  custom:scripting/monoscript/fileName/ProviderOperation.cs: 359d3d2b7bdb2b25c440e8dd34d4c52f -> 
  custom:scripting/monoscript/fileName/UniqueIdEditor.cs: 91e2e731c40b83236974e5536e73fefb -> 
  custom:scripting/monoscript/fileName/IBuildLog.cs: 543b8847c6c9094f2d90357f2bde8b30 -> 
  custom:scripting/monoscript/fileName/EndlessRotation.cs: 675ae1cbca541a897fcff9ed0f8615f5 -> 
  custom:scripting/monoscript/fileName/AddressablesFileEnumeration.cs: bfb1f2c5ec676ce8d74e0463cda8b6f5 -> 
  custom:scripting/monoscript/fileName/GraphLayerBase.cs: cd1b1c7dea284c43bb00c40801ef69b4 -> 
  custom:scripting/monoscript/fileName/ProfileValueReferenceDrawer.cs: 55f45d707eb32511a816eb67b4ca9229 -> 
  custom:scripting/monoscript/fileName/IAssetRepresentationData.cs: 4fd3029c6ddc21ad01839cd63f7e8552 -> 
  custom:scripting/monoscript/fileName/KeyDataStore.cs: e3ad8b8f65521a454232ae6811a3b1bc -> 
  custom:scripting/monoscript/fileName/AppendBundleHash.cs: 4b529c191f72e41deab5ef0b8d08bb2f -> 
  custom:scripting/monoscript/fileName/EventViewerWindow.cs: 0be55eecbc915a9e2f41a2c41614b95a -> 
  custom:scripting/monoscript/fileName/PlayerProgress.cs: 8c5b575646f7c19f63596504d70a5a4f -> 
  custom:scripting/monoscript/fileName/AddressablesGUIUtility.cs: 323b19d259de4b8820765598e616714a -> 
  custom:scripting/monoscript/fileName/BinaryDataProvider.cs: a67f6d13810a8d73b44b9863e23d9ba0 -> 
  custom:scripting/monoscript/fileName/Serializer.cs: 6c1de1ff1b6b7616ec79b8ee1445add4 -> d7df1b97d0a3bd0bb98fd4d2d5bf5d29
  custom:scripting/monoscript/fileName/CheckSceneDupeDependencies.cs: c529005c08ddbfa31e634028937294c1 -> 
  custom:scripting/monoscript/fileName/IUpdateReceiver.cs: 48a33d839dac2a0f5c36263c421e463f -> 
  custom:scripting/monoscript/fileName/SceneProvider.cs: 9b94da4a27e1351d1df6f2660fe324dc -> 
  custom:scripting/monoscript/fileName/BuildReportWindow.cs: a4e7973ca496740ebc9c115609f390ab -> 
  custom:scripting/monoscript/fileName/UniqueId.cs: cde6f805ed1f6e2b7cca22abdbd72df6 -> 
  custom:scripting/monoscript/fileName/ResourceProviderBase.cs: 62af7bda013206a02f2f9452cb0f8989 -> 
  custom:scripting/monoscript/fileName/GenerateBundlePacking.cs: e605bef1aeac04a952cb03f12b7d1b74 -> 
  custom:scripting/monoscript/fileName/PositionOnLevel.cs: 89f5f9cfb98ff098c514c943b3848c43 -> 
  custom:scripting/monoscript/fileName/AssetReferenceDrawer.cs: 56a8795a444b37848d7999c44498794e -> 
  custom:scripting/monoscript/fileName/AssetAddress.cs: afb93507bc23388335f1428b076a39e1 -> 
  custom:scripting/monoscript/fileName/GenerateBundleMaps.cs: 9a1c9e701ac353a3e9f794fda78e0a1c -> 
  custom:scripting/monoscript/fileName/AddressHasC.cs: afc49622a288f1fb48915b3894570032 -> 
  custom:scripting/monoscript/fileName/SceneStateCleanup.cs: 31db7f5f98e9a1c904a3b9e4c43aa24b -> 
  custom:scripting/monoscript/fileName/ProfileValueReference.cs: 60d7ef76945b04b56b4eafa354becd13 -> 
  custom:scripting/monoscript/fileName/AddressableAssetsSettingsLabelMaskPopup.cs: 15c3e60ed1f77da6c3de9dac046fb5c1 -> 
  custom:scripting/monoscript/fileName/ISavedProgress.cs: bce6e9f25ee5100a39fecc7c7742d7d9 -> 
  custom:scripting/monoscript/fileName/CheckBundleDupeDependencies.cs: 374cdc2cc7c535d6809152f40c9a103c -> 
  custom:scripting/monoscript/fileName/ChainOperation.cs: 0cdf409b5aa8d4c25876d72b5c6a3b60 -> 
  custom:scripting/monoscript/fileName/SaveLoadService.cs: de1dbd47e2be5a8e0b0934caa10e41b7 -> 
  custom:scripting/monoscript/fileName/GameLoopState.cs: 4687d831b69f8500fcf76a8c023b42cc -> 
  custom:scripting/monoscript/fileName/IWriteData.cs: f2a238486c9cc3a5a9e531c07d54f232 -> 
  custom:scripting/monoscript/fileName/IResourceLocator.cs: b2e0cb99edb7f8acdfb948f7c5abcc89 -> 
  custom:scripting/monoscript/fileName/DirectoryUtility.cs: 7f3417d7d989e1073b51cdd50e2a0ba7 -> 
  custom:scripting/monoscript/fileName/WriteSerializedFiles.cs: 9c94ef6dac7108c5c9e0e92e832d5652 -> 
  custom:scripting/monoscript/fileName/BuildInterfacesWrapper.cs: aeca1257cd6ce17b667e21eeaeaba2db -> 
  custom:scripting/monoscript/fileName/VirtualAssetBundleRuntimeData.cs: 0f082cd849e6c61750c94fcc2e75e117 -> 
  custom:scripting/monoscript/fileName/ExtractDataTask.cs: a844ae830f3f5df3fb6c54ab468ddace -> 
  custom:scripting/monoscript/fileName/GraphDefinition.cs: e09273cb36df8ae7a46262b1952f3139 -> 
  custom:scripting/monoscript/fileName/BinaryAssetProvider.cs: 90647cc400823b41df847a6cbfc29026 -> 
  custom:scripting/monoscript/fileName/PrefabSpawnerSample.cs: c1787771d31e8dc14be9055d062704d9 -> 
  custom:audio-encoder-webm-vorbis: bf7c407c2cedff20999df2af8eb42d56 -> 
  custom:scripting/monoscript/fileName/AssetBundleProvider.cs: a2949b4b16d373cfbf19d37cfdd11a8e -> 
  custom:scripting/monoscript/fileName/ThreadingManager.cs: c9fc7fb2e109a60745bd85a84c04e0b5 -> 
  custom:scripting/monoscript/fileName/GroupOperation.cs: eee591da54a0f1ae36170f745e49c05d -> 
  custom:scripting/monoscript/fileName/SearchStringFilters.cs: 4d7d8cf372189e17e866e05056276254 -> 
  custom:scripting/precompiled-assembly-types:Assembly-CSharp-Editor: 5d868b3fb040fa233e308d7ebb6a1f15 -> 
  custom:scripting/precompiled-assembly-types:Unity.Addressables.Editor: 31897a21ad53ab48e8075e763aabbbba -> 
  custom:scripting/monoscript/fileName/ResourceLocationBase.cs: c3b5405c2e1e395381cef3d25640b4e4 -> 
  custom:scripting/monoscript/fileName/HostingServicesProfileVarsTreeView.cs: 7040c45d43d56a2a8ef4e6bdf18397e9 -> 
  custom:scripting/monoscript/fileName/SerializationUtilities.cs: 8523441720eefd3a9494773eae726d9f -> 
  custom:scripting/monoscript/fileName/LevelStaticDataEditor.cs: 0581ada1a418d61bdb42b0cc778caefe -> 
  custom:scripting/monoscript/fileName/AssetLabelReferenceDrawer.cs: 62d02ad89b50d7ddfa94ad44619ed980 -> 
  custom:scripting/monoscript/fileName/AddressableAssetsSettingsGroupEditorBuildMenu.cs: 130a166dfa91c0f499acbf93389ff033 -> 
  custom:scripting/monoscript/fileName/VirtualBundledAssetProvider.cs: 1ca7323a85935ccecc1db16d28a14120 -> 
  custom:scripting/monoscript/fileName/IHostingService.cs: 6c8a878c5b16abcf226c43968fb38da8 -> 
  custom:scripting/monoscript/fileName/MainToolbar.cs: d3d128f522003159832e45e459523e67 -> 
  custom:scripting/monoscript/fileName/BuildDependencyData.cs: e86421eb6cd5a56c2f29fe865b6f6634 -> 
  custom:scripting/monoscript/fileName/AddressableAssetPostProcessor.cs: 65b31ffd1109616e5262d25a0e44e378 -> 
  custom:scripting/monoscript/fileName/CompatibilityBuildPipeline.cs: facf82cb07a5c10c38b56a00da8757a5 -> 
  custom:scripting/monoscript/fileName/ResourceLocationMap.cs: eab26fa0984b2b8a6831e68cfc17f3ba -> 
  custom:scripting/monoscript/fileName/CheckCatalogsOperation.cs: b8f50d313d9537eebcb562d1a1693d53 -> 
  custom:scripting/monoscript/fileName/SceneLoader.cs: a868e3785f50b3856552f159958f8b99 -> 
  custom:scripting/precompiled-assembly-types:Assembly-CSharp: 92b1dd949020c88886621d2ed3a90e12 -> 
  custom:scripting/monoscript/fileName/IKeyEvaluator.cs: 15673ccb00d128582325262f9311b111 -> 
  custom:scripting/monoscript/fileName/AddressablesPlayerBuildProcessor.cs: 339cbfdfac0ee359959e3c1a4e5d66bc -> 
  custom:scripting/monoscript/fileName/LegacyResourcesLocator.cs: 1678ad496fbbc5650c83b00a5a066deb -> 
  custom:scripting/monoscript/fileName/SummaryRowBuilder.cs: ae93d6fed5d1ace44616875d65c4ce3c -> 
  custom:scripting/monoscript/fileName/TextDataProvider.cs: 43da5cf6551caea5e5114202822256d1 -> 
  custom:scripting/monoscript/fileName/ContentView.cs: c5b21a5d97cadc9ebbc0786a1877a5f2 -> 
  custom:scripting/monoscript/fileName/GameFactory.cs: 601c25e15f309c56947c85966f7bd44d -> 
  custom:scripting/monoscript/fileName/IHostingServiceConfigurationProvider.cs: 37331473e3b10d53f8c2add9b2dc2b74 -> 
  custom:scripting/monoscript/fileName/DetailsUtility.cs: e1ed09368c21eefa172da4935add5590 -> 
  custom:scripting/monoscript/fileName/ILocationSizeData.cs: 9c09ebefcc2fd90fa5c432a2f1587b32 -> 
  custom:scripting/monoscript/fileName/CalculateAssetDependencyData.cs: 3543034cff244684ebe2b35b7e56cabb -> 
  custom:scripting/monoscript/fileName/Unity5PackedIdentifiers.cs: 2fef534b6f5a3f203548e50e8ca6fb59 -> 
  custom:scripting/monoscript/fileName/GlobalInitialization.cs: 046d98a1828b7f01ca857827b787db79 -> 
  custom:scripting/monoscript/fileName/SpawnPoint.cs: bfee2611ed22ce23dc7a97f5111d98ea -> 
  custom:scripting/monoscript/fileName/BuyerSpawnerEditor.cs: cfee367147ff109b8a20cd53601561d8 -> 
  custom:scripting/monoscript/fileName/DocumentationButton.cs: f4751b253ed0c3ae139c749a6af03e34 -> 
  custom:scripting/monoscript/fileName/LabeledLabel.cs: 959706a9c53386f4c2ee27b4a2a0ba56 -> 
  custom:scripting/monoscript/fileName/CustomPlayModeScript.cs: adb8daa0df8903b508781ff718875bc6 -> 
  custom:scripting/monoscript/fileName/BuildLayoutPrinter.cs: 4318a3b2efdd745a52f83fe7236e7651 -> 
========================================================================
Received Import Request.
  Time since last request: 195535.944882 seconds.
  path: Assets/AddressableAssetsData/AssetGroups/Default Local Group.asset
  artifactKey: Guid(25c120f531f4d7c41a139fada4df203e) Importer(815301076,1909f56bfc062723c751e8b465ee728b)
Start importing Assets/AddressableAssetsData/AssetGroups/Default Local Group.asset using Guid(25c120f531f4d7c41a139fada4df203e) Importer(815301076,1909f56bfc062723c751e8b465ee728b)  -> (artifact id: '834407df270d6b3e7512a681fd7b2916') in 0.012827 seconds
Number of updated asset objects reloaded before import = 0
Number of asset objects unloaded after import = 1
========================================================================
Received Prepare
Begin MonoManager ReloadAssembly
Symbol file LoadedFromMemory doesn't match image D:\Unity Ucheba, Game 3d\Refill3D\Library\PackageCache\com.unity.visualscripting@1.8.0\Editor\VisualScripting.Core\Dependencies\YamlDotNet\Unity.VisualScripting.YamlDotNet.dll
Symbol file LoadedFromMemory doesn't match image D:\Unity Ucheba, Game 3d\Refill3D\Library\PackageCache\com.unity.visualscripting@1.8.0\Editor\VisualScripting.Core\Dependencies\DotNetZip\Unity.VisualScripting.IonicZip.dll
- Loaded All Assemblies, in  0.877 seconds
Refreshing native plugins compatible for Editor in 1.82 ms, found 3 plugins.
Native extension for WindowsStandalone target not found
Native extension for iOS target not found
Native extension for Android target not found
[Package Manager] Server::EnsureServerProcessIsRunning -- launch failed, reason: Unity was launched with the -noUpm command-line argument
[Package Manager] UpmClient::Send -- Unable to send message (not connected to UPM process).
[Package Manager] Cannot connect to Unity Package Manager local server
Mono: successfully reloaded assembly
- Finished resetting the current domain, in  6.192 seconds
Domain Reload Profiling: 7069ms
	BeginReloadAssembly (187ms)
		ExecutionOrderSort (0ms)
		DisableScriptedObjects (8ms)
		BackupInstance (0ms)
		ReleaseScriptingObjects (0ms)
		CreateAndSetChildDomain (51ms)
	RebuildCommonClasses (35ms)
	RebuildNativeTypeToScriptingClass (12ms)
	initialDomainReloadingComplete (28ms)
	LoadAllAssembliesAndSetupDomain (614ms)
		LoadAssemblies (322ms)
		RebuildTransferFunctionScriptingTraits (0ms)
		AnalyzeDomain (378ms)
			TypeCache.Refresh (365ms)
				TypeCache.ScanAssembly (353ms)
			ScanForSourceGeneratedMonoScriptInfo (7ms)
			ResolveRequiredComponents (6ms)
	FinalizeReload (6193ms)
		ReleaseScriptCaches (0ms)
		RebuildScriptCaches (0ms)
		SetupLoadedEditorAssemblies (454ms)
			LogAssemblyErrors (0ms)
			InitializePlatformSupportModulesInManaged (35ms)
			SetLoadedEditorAssemblies (6ms)
			RefreshPlugins (0ms)
			BeforeProcessingInitializeOnLoad (75ms)
			ProcessInitializeOnLoadAttributes (312ms)
			ProcessInitializeOnLoadMethodAttributes (23ms)
			AfterProcessingInitializeOnLoad (2ms)
			EditorAssembliesLoaded (0ms)
		ExecutionOrderSort2 (0ms)
		AwakeInstancesAfterBackupRestoration (8ms)
Refreshing native plugins compatible for Editor in 1.93 ms, found 3 plugins.
Preloading 0 native plugins for Editor in 0.00 ms.
Unloading 3917 Unused Serialized files (Serialized files now loaded: 0)
Unloading 34 unused Assets / (1.4 MB). Loaded Objects now: 4443.
Memory consumption went from 154.2 MB to 152.8 MB.
Total: 4.615700 ms (FindLiveObjects: 0.367700 ms CreateObjectMapping: 0.596000 ms MarkObjects: 3.295000 ms  DeleteObjects: 0.355800 ms)

Prepare: number of updated asset objects reloaded= 0
AssetImportParameters requested are different than current active one (requested -> active):
  custom:container-demuxer-ogg: 62fdf1f143b41e24485cea50d1cbac27 -> 
  custom:video-decoder-ogg-theora: a1e56fd34408186e4bbccfd4996cb3dc -> 
  custom:framework-win-MediaFoundation: 216162199b28c13a410421893ffa2e32 -> 
  custom:scripting/monoscript/fileName/ComponentReference.cs: 90647cc400823b41df847a6cbfc29026 -> 
  custom:container-demuxer-webm: 4f35f7cbe854078d1ac9338744f61a02 -> 
  custom:scripting/monoscript/fileName/AddressablesUtility.cs: 888ff289ef09bca75ddf731bfb3da044 -> 
  custom:container-muxer-webm: aa71ff27fc2769a1b78a27578f13a17b -> 
  custom:video-decoder-webm-vp8: 9c59270c3fd7afecdb556c50c9e8de78 -> 
  custom:AudioImporter_EditorPlatform: d09bf68614088b80899f8185d706f6e7 -> 
  custom:video-encoder-webm-vp8: eb34c28f22e8b96e1ab97ce403110664 -> 
  custom:audio-decoder-ogg-vorbis: bf7c407c2cedff20999df2af8eb42d56 -> 
  custom:audio-encoder-webm-vorbis: bf7c407c2cedff20999df2af8eb42d56 -> 
========================================================================
Received Prepare
Begin MonoManager ReloadAssembly
Symbol file LoadedFromMemory doesn't match image D:\Unity Ucheba, Game 3d\Refill3D\Library\PackageCache\com.unity.visualscripting@1.8.0\Editor\VisualScripting.Core\Dependencies\YamlDotNet\Unity.VisualScripting.YamlDotNet.dll
Symbol file LoadedFromMemory doesn't match image D:\Unity Ucheba, Game 3d\Refill3D\Library\PackageCache\com.unity.visualscripting@1.8.0\Editor\VisualScripting.Core\Dependencies\DotNetZip\Unity.VisualScripting.IonicZip.dll
- Loaded All Assemblies, in  0.847 seconds
Refreshing native plugins compatible for Editor in 2.06 ms, found 3 plugins.
Native extension for WindowsStandalone target not found
Native extension for iOS target not found
Native extension for Android target not found
[Package Manager] Server::EnsureServerProcessIsRunning -- launch failed, reason: Unity was launched with the -noUpm command-line argument
[Package Manager] UpmClient::Send -- Unable to send message (not connected to UPM process).
[Package Manager] Cannot connect to Unity Package Manager local server
Mono: successfully reloaded assembly
- Finished resetting the current domain, in  1.232 seconds
Domain Reload Profiling: 2078ms
	BeginReloadAssembly (158ms)
		ExecutionOrderSort (0ms)
		DisableScriptedObjects (6ms)
		BackupInstance (0ms)
		ReleaseScriptingObjects (0ms)
		CreateAndSetChildDomain (42ms)
	RebuildCommonClasses (39ms)
	RebuildNativeTypeToScriptingClass (13ms)
	initialDomainReloadingComplete (39ms)
	LoadAllAssembliesAndSetupDomain (596ms)
		LoadAssemblies (292ms)
		RebuildTransferFunctionScriptingTraits (0ms)
		AnalyzeDomain (375ms)
			TypeCache.Refresh (368ms)
				TypeCache.ScanAssembly (355ms)
			ScanForSourceGeneratedMonoScriptInfo (0ms)
			ResolveRequiredComponents (7ms)
	FinalizeReload (1232ms)
		ReleaseScriptCaches (0ms)
		RebuildScriptCaches (0ms)
		SetupLoadedEditorAssemblies (634ms)
			LogAssemblyErrors (0ms)
			InitializePlatformSupportModulesInManaged (36ms)
			SetLoadedEditorAssemblies (7ms)
			RefreshPlugins (0ms)
			BeforeProcessingInitializeOnLoad (82ms)
			ProcessInitializeOnLoadAttributes (479ms)
			ProcessInitializeOnLoadMethodAttributes (27ms)
			AfterProcessingInitializeOnLoad (2ms)
			EditorAssembliesLoaded (0ms)
		ExecutionOrderSort2 (0ms)
		AwakeInstancesAfterBackupRestoration (6ms)
Refreshing native plugins compatible for Editor in 2.28 ms, found 3 plugins.
Preloading 0 native plugins for Editor in 0.00 ms.
Unloading 3917 Unused Serialized files (Serialized files now loaded: 0)
Unloading 35 unused Assets / (1.4 MB). Loaded Objects now: 4446.
Memory consumption went from 153.8 MB to 152.4 MB.
Total: 3.375600 ms (FindLiveObjects: 0.314200 ms CreateObjectMapping: 0.364400 ms MarkObjects: 2.396400 ms  DeleteObjects: 0.299600 ms)

Prepare: number of updated asset objects reloaded= 0
AssetImportParameters requested are different than current active one (requested -> active):
  custom:container-demuxer-ogg: 62fdf1f143b41e24485cea50d1cbac27 -> 
  custom:video-decoder-ogg-theora: a1e56fd34408186e4bbccfd4996cb3dc -> 
  custom:framework-win-MediaFoundation: 216162199b28c13a410421893ffa2e32 -> 
  custom:scripting/monoscript/fileName/ComponentReference.cs: 90647cc400823b41df847a6cbfc29026 -> 
  custom:container-demuxer-webm: 4f35f7cbe854078d1ac9338744f61a02 -> 
  custom:scripting/monoscript/fileName/AddressablesUtility.cs: 888ff289ef09bca75ddf731bfb3da044 -> 
  custom:container-muxer-webm: aa71ff27fc2769a1b78a27578f13a17b -> 
  custom:video-decoder-webm-vp8: 9c59270c3fd7afecdb556c50c9e8de78 -> 
  custom:AudioImporter_EditorPlatform: d09bf68614088b80899f8185d706f6e7 -> 
  custom:video-encoder-webm-vp8: eb34c28f22e8b96e1ab97ce403110664 -> 
  custom:audio-decoder-ogg-vorbis: bf7c407c2cedff20999df2af8eb42d56 -> 
  custom:audio-encoder-webm-vorbis: bf7c407c2cedff20999df2af8eb42d56 -> 
========================================================================
Received Prepare
Begin MonoManager ReloadAssembly
Symbol file LoadedFromMemory doesn't match image D:\Unity Ucheba, Game 3d\Refill3D\Library\PackageCache\com.unity.visualscripting@1.8.0\Editor\VisualScripting.Core\Dependencies\YamlDotNet\Unity.VisualScripting.YamlDotNet.dll
Symbol file LoadedFromMemory doesn't match image D:\Unity Ucheba, Game 3d\Refill3D\Library\PackageCache\com.unity.visualscripting@1.8.0\Editor\VisualScripting.Core\Dependencies\DotNetZip\Unity.VisualScripting.IonicZip.dll
- Loaded All Assemblies, in  2.050 seconds
Refreshing native plugins compatible for Editor in 1.67 ms, found 3 plugins.
Native extension for WindowsStandalone target not found
Native extension for iOS target not found
Native extension for Android target not found
[Package Manager] Server::EnsureServerProcessIsRunning -- launch failed, reason: Unity was launched with the -noUpm command-line argument
[Package Manager] UpmClient::Send -- Unable to send message (not connected to UPM process).
[Package Manager] Cannot connect to Unity Package Manager local server
Mono: successfully reloaded assembly
- Finished resetting the current domain, in 19.689 seconds
Domain Reload Profiling: 21738ms
	BeginReloadAssembly (180ms)
		ExecutionOrderSort (0ms)
		DisableScriptedObjects (6ms)
		BackupInstance (0ms)
		ReleaseScriptingObjects (0ms)
		CreateAndSetChildDomain (45ms)
	RebuildCommonClasses (38ms)
	RebuildNativeTypeToScriptingClass (13ms)
	initialDomainReloadingComplete (28ms)
	LoadAllAssembliesAndSetupDomain (1790ms)
		LoadAssemblies (1517ms)
		RebuildTransferFunctionScriptingTraits (0ms)
		AnalyzeDomain (367ms)
			TypeCache.Refresh (357ms)
				TypeCache.ScanAssembly (344ms)
			ScanForSourceGeneratedMonoScriptInfo (4ms)
			ResolveRequiredComponents (6ms)
	FinalizeReload (19689ms)
		ReleaseScriptCaches (0ms)
		RebuildScriptCaches (0ms)
		SetupLoadedEditorAssemblies (432ms)
			LogAssemblyErrors (0ms)
			InitializePlatformSupportModulesInManaged (33ms)
			SetLoadedEditorAssemblies (6ms)
			RefreshPlugins (0ms)
			BeforeProcessingInitializeOnLoad (68ms)
			ProcessInitializeOnLoadAttributes (279ms)
			ProcessInitializeOnLoadMethodAttributes (42ms)
			AfterProcessingInitializeOnLoad (2ms)
			EditorAssembliesLoaded (0ms)
		ExecutionOrderSort2 (0ms)
		AwakeInstancesAfterBackupRestoration (6ms)
Refreshing native plugins compatible for Editor in 5.27 ms, found 3 plugins.
Preloading 0 native plugins for Editor in 0.00 ms.
Unloading 3917 Unused Serialized files (Serialized files now loaded: 0)
Unloading 35 unused Assets / (1.4 MB). Loaded Objects now: 4449.
Memory consumption went from 153.8 MB to 152.4 MB.
Total: 3.688700 ms (FindLiveObjects: 0.316500 ms CreateObjectMapping: 0.306500 ms MarkObjects: 2.789700 ms  DeleteObjects: 0.274900 ms)

Prepare: number of updated asset objects reloaded= 0
AssetImportParameters requested are different than current active one (requested -> active):
  custom:container-demuxer-ogg: 62fdf1f143b41e24485cea50d1cbac27 -> 
  custom:video-decoder-ogg-theora: a1e56fd34408186e4bbccfd4996cb3dc -> 
  custom:framework-win-MediaFoundation: 216162199b28c13a410421893ffa2e32 -> 
  custom:scripting/monoscript/fileName/ComponentReference.cs: 90647cc400823b41df847a6cbfc29026 -> 
  custom:container-demuxer-webm: 4f35f7cbe854078d1ac9338744f61a02 -> 
  custom:scripting/monoscript/fileName/AddressablesUtility.cs: 888ff289ef09bca75ddf731bfb3da044 -> 
  custom:container-muxer-webm: aa71ff27fc2769a1b78a27578f13a17b -> 
  custom:video-decoder-webm-vp8: 9c59270c3fd7afecdb556c50c9e8de78 -> 
  custom:AudioImporter_EditorPlatform: d09bf68614088b80899f8185d706f6e7 -> 
  custom:video-encoder-webm-vp8: eb34c28f22e8b96e1ab97ce403110664 -> 
  custom:audio-decoder-ogg-vorbis: bf7c407c2cedff20999df2af8eb42d56 -> 
  custom:audio-encoder-webm-vorbis: bf7c407c2cedff20999df2af8eb42d56 -> 
========================================================================
Received Prepare
Begin MonoManager ReloadAssembly
Symbol file LoadedFromMemory doesn't match image D:\Unity Ucheba, Game 3d\Refill3D\Library\PackageCache\com.unity.visualscripting@1.8.0\Editor\VisualScripting.Core\Dependencies\YamlDotNet\Unity.VisualScripting.YamlDotNet.dll
Symbol file LoadedFromMemory doesn't match image D:\Unity Ucheba, Game 3d\Refill3D\Library\PackageCache\com.unity.visualscripting@1.8.0\Editor\VisualScripting.Core\Dependencies\DotNetZip\Unity.VisualScripting.IonicZip.dll
- Loaded All Assemblies, in  0.748 seconds
Refreshing native plugins compatible for Editor in 1.57 ms, found 3 plugins.
Native extension for WindowsStandalone target not found
Native extension for iOS target not found
Native extension for Android target not found
[Package Manager] Server::EnsureServerProcessIsRunning -- launch failed, reason: Unity was launched with the -noUpm command-line argument
[Package Manager] UpmClient::Send -- Unable to send message (not connected to UPM process).
[Package Manager] Cannot connect to Unity Package Manager local server
Mono: successfully reloaded assembly
- Finished resetting the current domain, in  0.808 seconds
Domain Reload Profiling: 1556ms
	BeginReloadAssembly (138ms)
		ExecutionOrderSort (0ms)
		DisableScriptedObjects (5ms)
		BackupInstance (0ms)
		ReleaseScriptingObjects (0ms)
		CreateAndSetChildDomain (38ms)
	RebuildCommonClasses (37ms)
	RebuildNativeTypeToScriptingClass (15ms)
	initialDomainReloadingComplete (26ms)
	LoadAllAssembliesAndSetupDomain (532ms)
		LoadAssemblies (244ms)
		RebuildTransferFunctionScriptingTraits (0ms)
		AnalyzeDomain (349ms)
			TypeCache.Refresh (343ms)
				TypeCache.ScanAssembly (331ms)
			ScanForSourceGeneratedMonoScriptInfo (0ms)
			ResolveRequiredComponents (5ms)
	FinalizeReload (808ms)
		ReleaseScriptCaches (0ms)
		RebuildScriptCaches (0ms)
		SetupLoadedEditorAssemblies (419ms)
			LogAssemblyErrors (0ms)
			InitializePlatformSupportModulesInManaged (33ms)
			SetLoadedEditorAssemblies (5ms)
			RefreshPlugins (0ms)
			BeforeProcessingInitializeOnLoad (71ms)
			ProcessInitializeOnLoadAttributes (285ms)
			ProcessInitializeOnLoadMethodAttributes (23ms)
			AfterProcessingInitializeOnLoad (2ms)
			EditorAssembliesLoaded (0ms)
		ExecutionOrderSort2 (0ms)
		AwakeInstancesAfterBackupRestoration (6ms)
Refreshing native plugins compatible for Editor in 1.70 ms, found 3 plugins.
Preloading 0 native plugins for Editor in 0.00 ms.
Unloading 3917 Unused Serialized files (Serialized files now loaded: 0)
Unloading 35 unused Assets / (1.4 MB). Loaded Objects now: 4452.
Memory consumption went from 153.8 MB to 152.4 MB.
Total: 3.378300 ms (FindLiveObjects: 0.308700 ms CreateObjectMapping: 0.318900 ms MarkObjects: 2.449000 ms  DeleteObjects: 0.300800 ms)

Prepare: number of updated asset objects reloaded= 0
AssetImportParameters requested are different than current active one (requested -> active):
  custom:container-demuxer-ogg: 62fdf1f143b41e24485cea50d1cbac27 -> 
  custom:video-decoder-ogg-theora: a1e56fd34408186e4bbccfd4996cb3dc -> 
  custom:framework-win-MediaFoundation: 216162199b28c13a410421893ffa2e32 -> 
  custom:scripting/monoscript/fileName/ComponentReference.cs: 90647cc400823b41df847a6cbfc29026 -> 
  custom:container-demuxer-webm: 4f35f7cbe854078d1ac9338744f61a02 -> 
  custom:scripting/monoscript/fileName/AddressablesUtility.cs: 888ff289ef09bca75ddf731bfb3da044 -> 
  custom:container-muxer-webm: aa71ff27fc2769a1b78a27578f13a17b -> 
  custom:video-decoder-webm-vp8: 9c59270c3fd7afecdb556c50c9e8de78 -> 
  custom:AudioImporter_EditorPlatform: d09bf68614088b80899f8185d706f6e7 -> 
  custom:video-encoder-webm-vp8: eb34c28f22e8b96e1ab97ce403110664 -> 
  custom:audio-decoder-ogg-vorbis: bf7c407c2cedff20999df2af8eb42d56 -> 
  custom:audio-encoder-webm-vorbis: bf7c407c2cedff20999df2af8eb42d56 -> 
========================================================================
Received Import Request.
  Time since last request: 730.608795 seconds.
  path: Assets/RefillProject/Resources/StatiData/Buyers/BuyerBlue.asset
  artifactKey: Guid(3580e375f7d23974c88663f26872c0f0) Importer(815301076,1909f56bfc062723c751e8b465ee728b)
Start importing Assets/RefillProject/Resources/StatiData/Buyers/BuyerBlue.asset using Guid(3580e375f7d23974c88663f26872c0f0) Importer(815301076,1909f56bfc062723c751e8b465ee728b)  -> (artifact id: '4b489bd698e3fdf2ecc5b8c9ce2ff45e') in 0.021345 seconds
Number of updated asset objects reloaded before import = 0
Number of asset objects unloaded after import = 9
========================================================================
Received Import Request.
  Time since last request: 0.000022 seconds.
  path: Assets/RefillProject/Resources/StatiData/Buyers/BuyerGreen.asset
  artifactKey: Guid(916b220a6b51f7546900803646c53bf2) Importer(815301076,1909f56bfc062723c751e8b465ee728b)
Start importing Assets/RefillProject/Resources/StatiData/Buyers/BuyerGreen.asset using Guid(916b220a6b51f7546900803646c53bf2) Importer(815301076,1909f56bfc062723c751e8b465ee728b)  -> (artifact id: '9addb74536e3df10d93b5a1ebf31b87b') in 0.001679 seconds
Number of updated asset objects reloaded before import = 0
Number of asset objects unloaded after import = 9
========================================================================
Received Import Request.
  Time since last request: 0.000021 seconds.
  path: Assets/RefillProject/Resources/StatiData/Buyers/BuyerRed.asset
  artifactKey: Guid(415d357ddce1d8449a3e68ffa92b5287) Importer(815301076,1909f56bfc062723c751e8b465ee728b)
Start importing Assets/RefillProject/Resources/StatiData/Buyers/BuyerRed.asset using Guid(415d357ddce1d8449a3e68ffa92b5287) Importer(815301076,1909f56bfc062723c751e8b465ee728b)  -> (artifact id: '2f78f01ce91bd5fdcc9562312f5ea2e0') in 0.001324 seconds
Number of updated asset objects reloaded before import = 0
Number of asset objects unloaded after import = 9
========================================================================
Received Prepare
Begin MonoManager ReloadAssembly
Symbol file LoadedFromMemory doesn't match image D:\Unity Ucheba, Game 3d\Refill3D\Library\PackageCache\com.unity.visualscripting@1.8.0\Editor\VisualScripting.Core\Dependencies\YamlDotNet\Unity.VisualScripting.YamlDotNet.dll
Symbol file LoadedFromMemory doesn't match image D:\Unity Ucheba, Game 3d\Refill3D\Library\PackageCache\com.unity.visualscripting@1.8.0\Editor\VisualScripting.Core\Dependencies\DotNetZip\Unity.VisualScripting.IonicZip.dll
- Loaded All Assemblies, in  0.783 seconds
Refreshing native plugins compatible for Editor in 1.77 ms, found 3 plugins.
Native extension for WindowsStandalone target not found
Native extension for iOS target not found
Native extension for Android target not found
[Package Manager] Server::EnsureServerProcessIsRunning -- launch failed, reason: Unity was launched with the -noUpm command-line argument
[Package Manager] UpmClient::Send -- Unable to send message (not connected to UPM process).
[Package Manager] Cannot connect to Unity Package Manager local server
Mono: successfully reloaded assembly
- Finished resetting the current domain, in  1.008 seconds
Domain Reload Profiling: 1791ms
	BeginReloadAssembly (165ms)
		ExecutionOrderSort (0ms)
		DisableScriptedObjects (8ms)
		BackupInstance (0ms)
		ReleaseScriptingObjects (0ms)
		CreateAndSetChildDomain (45ms)
	RebuildCommonClasses (41ms)
	RebuildNativeTypeToScriptingClass (15ms)
	initialDomainReloadingComplete (29ms)
	LoadAllAssembliesAndSetupDomain (531ms)
		LoadAssemblies (262ms)
		RebuildTransferFunctionScriptingTraits (0ms)
		AnalyzeDomain (345ms)
			TypeCache.Refresh (339ms)
				TypeCache.ScanAssembly (326ms)
			ScanForSourceGeneratedMonoScriptInfo (0ms)
			ResolveRequiredComponents (6ms)
	FinalizeReload (1009ms)
		ReleaseScriptCaches (0ms)
		RebuildScriptCaches (0ms)
		SetupLoadedEditorAssemblies (510ms)
			LogAssemblyErrors (0ms)
			InitializePlatformSupportModulesInManaged (52ms)
			SetLoadedEditorAssemblies (8ms)
			RefreshPlugins (0ms)
			BeforeProcessingInitializeOnLoad (106ms)
			ProcessInitializeOnLoadAttributes (319ms)
			ProcessInitializeOnLoadMethodAttributes (23ms)
			AfterProcessingInitializeOnLoad (2ms)
			EditorAssembliesLoaded (0ms)
		ExecutionOrderSort2 (0ms)
		AwakeInstancesAfterBackupRestoration (7ms)
Refreshing native plugins compatible for Editor in 1.91 ms, found 3 plugins.
Preloading 0 native plugins for Editor in 0.00 ms.
Unloading 3916 Unused Serialized files (Serialized files now loaded: 0)
Unloading 35 unused Assets / (1.4 MB). Loaded Objects now: 4456.
Memory consumption went from 153.6 MB to 152.1 MB.
Total: 3.707000 ms (FindLiveObjects: 0.301400 ms CreateObjectMapping: 0.358700 ms MarkObjects: 2.745100 ms  DeleteObjects: 0.301000 ms)

Prepare: number of updated asset objects reloaded= 0
AssetImportParameters requested are different than current active one (requested -> active):
  custom:container-demuxer-ogg: 62fdf1f143b41e24485cea50d1cbac27 -> 
  custom:video-decoder-ogg-theora: a1e56fd34408186e4bbccfd4996cb3dc -> 
  custom:framework-win-MediaFoundation: 216162199b28c13a410421893ffa2e32 -> 
  custom:scripting/monoscript/fileName/ComponentReference.cs: 90647cc400823b41df847a6cbfc29026 -> 
  custom:container-demuxer-webm: 4f35f7cbe854078d1ac9338744f61a02 -> 
  custom:scripting/monoscript/fileName/AddressablesUtility.cs: 888ff289ef09bca75ddf731bfb3da044 -> 
  custom:container-muxer-webm: aa71ff27fc2769a1b78a27578f13a17b -> 
  custom:video-decoder-webm-vp8: 9c59270c3fd7afecdb556c50c9e8de78 -> 
  custom:AudioImporter_EditorPlatform: d09bf68614088b80899f8185d706f6e7 -> 
  custom:video-encoder-webm-vp8: eb34c28f22e8b96e1ab97ce403110664 -> 
  custom:audio-decoder-ogg-vorbis: bf7c407c2cedff20999df2af8eb42d56 -> 
  custom:audio-encoder-webm-vorbis: bf7c407c2cedff20999df2af8eb42d56 -> 
========================================================================
Received Prepare
Begin MonoManager ReloadAssembly
Symbol file LoadedFromMemory doesn't match image D:\Unity Ucheba, Game 3d\Refill3D\Library\PackageCache\com.unity.visualscripting@1.8.0\Editor\VisualScripting.Core\Dependencies\YamlDotNet\Unity.VisualScripting.YamlDotNet.dll
Symbol file LoadedFromMemory doesn't match image D:\Unity Ucheba, Game 3d\Refill3D\Library\PackageCache\com.unity.visualscripting@1.8.0\Editor\VisualScripting.Core\Dependencies\DotNetZip\Unity.VisualScripting.IonicZip.dll
- Loaded All Assemblies, in  0.802 seconds
Refreshing native plugins compatible for Editor in 2.70 ms, found 3 plugins.
Native extension for WindowsStandalone target not found
Native extension for iOS target not found
Native extension for Android target not found
[Package Manager] Server::EnsureServerProcessIsRunning -- launch failed, reason: Unity was launched with the -noUpm command-line argument
[Package Manager] UpmClient::Send -- Unable to send message (not connected to UPM process).
[Package Manager] Cannot connect to Unity Package Manager local server
Mono: successfully reloaded assembly
- Finished resetting the current domain, in  1.171 seconds
Domain Reload Profiling: 1973ms
	BeginReloadAssembly (155ms)
		ExecutionOrderSort (0ms)
		DisableScriptedObjects (5ms)
		BackupInstance (0ms)
		ReleaseScriptingObjects (0ms)
		CreateAndSetChildDomain (45ms)
	RebuildCommonClasses (48ms)
	RebuildNativeTypeToScriptingClass (17ms)
	initialDomainReloadingComplete (28ms)
	LoadAllAssembliesAndSetupDomain (554ms)
		LoadAssemblies (256ms)
		RebuildTransferFunctionScriptingTraits (0ms)
		AnalyzeDomain (366ms)
			TypeCache.Refresh (358ms)
				TypeCache.ScanAssembly (346ms)
			ScanForSourceGeneratedMonoScriptInfo (0ms)
			ResolveRequiredComponents (8ms)
	FinalizeReload (1172ms)
		ReleaseScriptCaches (0ms)
		RebuildScriptCaches (0ms)
		SetupLoadedEditorAssemblies (645ms)
			LogAssemblyErrors (0ms)
			InitializePlatformSupportModulesInManaged (58ms)
			SetLoadedEditorAssemblies (8ms)
			RefreshPlugins (0ms)
			BeforeProcessingInitializeOnLoad (111ms)
			ProcessInitializeOnLoadAttributes (438ms)
			ProcessInitializeOnLoadMethodAttributes (26ms)
			AfterProcessingInitializeOnLoad (3ms)
			EditorAssembliesLoaded (0ms)
		ExecutionOrderSort2 (0ms)
		AwakeInstancesAfterBackupRestoration (11ms)
Refreshing native plugins compatible for Editor in 3.37 ms, found 3 plugins.
Preloading 0 native plugins for Editor in 0.00 ms.
Unloading 3917 Unused Serialized files (Serialized files now loaded: 0)
Unloading 35 unused Assets / (1.4 MB). Loaded Objects now: 4459.
Memory consumption went from 153.8 MB to 152.4 MB.
Total: 7.018000 ms (FindLiveObjects: 0.387400 ms CreateObjectMapping: 0.739500 ms MarkObjects: 5.120200 ms  DeleteObjects: 0.769600 ms)

Prepare: number of updated asset objects reloaded= 0
AssetImportParameters requested are different than current active one (requested -> active):
  custom:container-demuxer-ogg: 62fdf1f143b41e24485cea50d1cbac27 -> 
  custom:video-decoder-ogg-theora: a1e56fd34408186e4bbccfd4996cb3dc -> 
  custom:framework-win-MediaFoundation: 216162199b28c13a410421893ffa2e32 -> 
  custom:scripting/monoscript/fileName/ComponentReference.cs: 90647cc400823b41df847a6cbfc29026 -> 
  custom:container-demuxer-webm: 4f35f7cbe854078d1ac9338744f61a02 -> 
  custom:scripting/monoscript/fileName/AddressablesUtility.cs: 888ff289ef09bca75ddf731bfb3da044 -> 
  custom:container-muxer-webm: aa71ff27fc2769a1b78a27578f13a17b -> 
  custom:video-decoder-webm-vp8: 9c59270c3fd7afecdb556c50c9e8de78 -> 
  custom:AudioImporter_EditorPlatform: d09bf68614088b80899f8185d706f6e7 -> 
  custom:video-encoder-webm-vp8: eb34c28f22e8b96e1ab97ce403110664 -> 
  custom:audio-decoder-ogg-vorbis: bf7c407c2cedff20999df2af8eb42d56 -> 
  custom:audio-encoder-webm-vorbis: bf7c407c2cedff20999df2af8eb42d56 -> 
========================================================================
Received Prepare
Begin MonoManager ReloadAssembly
Symbol file LoadedFromMemory doesn't match image D:\Unity Ucheba, Game 3d\Refill3D\Library\PackageCache\com.unity.visualscripting@1.8.0\Editor\VisualScripting.Core\Dependencies\YamlDotNet\Unity.VisualScripting.YamlDotNet.dll
Symbol file LoadedFromMemory doesn't match image D:\Unity Ucheba, Game 3d\Refill3D\Library\PackageCache\com.unity.visualscripting@1.8.0\Editor\VisualScripting.Core\Dependencies\DotNetZip\Unity.VisualScripting.IonicZip.dll
- Loaded All Assemblies, in  0.789 seconds
Refreshing native plugins compatible for Editor in 1.72 ms, found 3 plugins.
Native extension for WindowsStandalone target not found
Native extension for iOS target not found
Native extension for Android target not found
[Package Manager] Server::EnsureServerProcessIsRunning -- launch failed, reason: Unity was launched with the -noUpm command-line argument
[Package Manager] UpmClient::Send -- Unable to send message (not connected to UPM process).
[Package Manager] Cannot connect to Unity Package Manager local server
Mono: successfully reloaded assembly
- Finished resetting the current domain, in  1.037 seconds
Domain Reload Profiling: 1825ms
	BeginReloadAssembly (152ms)
		ExecutionOrderSort (0ms)
		DisableScriptedObjects (5ms)
		BackupInstance (0ms)
		ReleaseScriptingObjects (0ms)
		CreateAndSetChildDomain (43ms)
	RebuildCommonClasses (43ms)
	RebuildNativeTypeToScriptingClass (17ms)
	initialDomainReloadingComplete (27ms)
	LoadAllAssembliesAndSetupDomain (548ms)
		LoadAssemblies (259ms)
		RebuildTransferFunctionScriptingTraits (0ms)
		AnalyzeDomain (360ms)
			TypeCache.Refresh (354ms)
				TypeCache.ScanAssembly (342ms)
			ScanForSourceGeneratedMonoScriptInfo (0ms)
			ResolveRequiredComponents (5ms)
	FinalizeReload (1037ms)
		ReleaseScriptCaches (0ms)
		RebuildScriptCaches (0ms)
		SetupLoadedEditorAssemblies (454ms)
			LogAssemblyErrors (0ms)
			InitializePlatformSupportModulesInManaged (53ms)
			SetLoadedEditorAssemblies (9ms)
			RefreshPlugins (0ms)
			BeforeProcessingInitializeOnLoad (91ms)
			ProcessInitializeOnLoadAttributes (275ms)
			ProcessInitializeOnLoadMethodAttributes (23ms)
			AfterProcessingInitializeOnLoad (2ms)
			EditorAssembliesLoaded (0ms)
		ExecutionOrderSort2 (0ms)
		AwakeInstancesAfterBackupRestoration (6ms)
Refreshing native plugins compatible for Editor in 1.81 ms, found 3 plugins.
Preloading 0 native plugins for Editor in 0.00 ms.
Unloading 3917 Unused Serialized files (Serialized files now loaded: 0)
Unloading 35 unused Assets / (1.4 MB). Loaded Objects now: 4462.
Memory consumption went from 153.8 MB to 152.4 MB.
Total: 3.897900 ms (FindLiveObjects: 0.357300 ms CreateObjectMapping: 0.320200 ms MarkObjects: 2.885100 ms  DeleteObjects: 0.334300 ms)

Prepare: number of updated asset objects reloaded= 0
AssetImportParameters requested are different than current active one (requested -> active):
  custom:container-demuxer-ogg: 62fdf1f143b41e24485cea50d1cbac27 -> 
  custom:video-decoder-ogg-theora: a1e56fd34408186e4bbccfd4996cb3dc -> 
  custom:framework-win-MediaFoundation: 216162199b28c13a410421893ffa2e32 -> 
  custom:scripting/monoscript/fileName/ComponentReference.cs: 90647cc400823b41df847a6cbfc29026 -> 
  custom:container-demuxer-webm: 4f35f7cbe854078d1ac9338744f61a02 -> 
  custom:scripting/monoscript/fileName/AddressablesUtility.cs: 888ff289ef09bca75ddf731bfb3da044 -> 
  custom:container-muxer-webm: aa71ff27fc2769a1b78a27578f13a17b -> 
  custom:video-decoder-webm-vp8: 9c59270c3fd7afecdb556c50c9e8de78 -> 
  custom:AudioImporter_EditorPlatform: d09bf68614088b80899f8185d706f6e7 -> 
  custom:video-encoder-webm-vp8: eb34c28f22e8b96e1ab97ce403110664 -> 
  custom:audio-decoder-ogg-vorbis: bf7c407c2cedff20999df2af8eb42d56 -> 
  custom:audio-encoder-webm-vorbis: bf7c407c2cedff20999df2af8eb42d56 -> 
